   0.0000000000000000        2.53187678691493982053359112917340093E-0021
   15.000000000000000        1.91709906632716197809489944696372641E-0009
   30.000000000000000        4.02902963030520470669304723138320217E-0008
   45.000000000000000        3.52191699886839015577971718241584365E-0007
   60.000000000000000        3.39439360121000108850195103683713295E-0006
   75.000000000000000        1.40404576525557371804183549941348490E-0003
   90.000000000000000        1.72905229665289414617367025049851226E-0005
   105.00000000000000        6.63734667820351035600769015275990714E-0006
   120.00000000000000        4.51760324368525527302997636889053147E-0006
   135.00000000000000        3.79233575968784040989919723934929907E-0006
   150.00000000000000        3.54575615997727528908848131969227280E-0006
   165.00000000000000        3.54466976892167872221092685984143133E-0006
   180.00000000000000        3.71679414173892101263029471271577050E-0006
   195.00000000000000        4.04861405834536418546273309612276188E-0006
   210.00000000000000        4.56009126191567986171850836951412196E-0006
   225.00000000000000        5.30238325791615088339131219417603947E-0006
   240.00000000000000        6.36884310227723066622113018150315507E-0006
   255.00000000000000        7.92263475726836765127589592899507558E-0006
   270.00000000000000        1.02564290518493981655601274375375675E-0005
   285.00000000000000        1.39264942110240583235211934596594810E-0005
   300.00000000000000        2.00831063939472893036986876187585257E-0005
   315.00000000000000        3.14009250216759811357139265683317030E-0005
   330.00000000000000        5.52462236806464055408309621155789106E-0005
   345.00000000000000        1.18104681219890459327274117879015355E-0004
   360.00000000000000        3.77032266513318430093404955835214730E-0004
   375.00000000000000        5.40140402602253139462316285505933322E-0003
   390.00000000000000        2.26032372222035936291695042873694947E-0003
   405.00000000000000        3.73289242708192338486244534612573014E-0004
   420.00000000000000        1.64987833324072280050940041403815814E-0004
   435.00000000000000        1.03021934512438716811078423662353540E-0004
   450.00000000000000        7.85316470147438697143111661949890547E-0005
   465.00000000000000        6.97995430353914091648671182418010852E-0005
   480.00000000000000        7.22635698775794665688261474310292891E-0005
   495.00000000000000        9.11937599307020512083958420259962566E-0005
   510.00000000000000        1.63865114189150243065229948039690702E-0004
   525.00000000000000        8.91904289012358770207257862117765779E-0004
   540.00000000000000        7.51886363114475661159333031449689057E-0004
   555.00000000000000        4.74876644299210847466867430943141052E-0005
   570.00000000000000        9.74935857592002370991210829267755197E-0006
   585.00000000000000        2.50893606726661966039469228721916036E-0006
   600.00000000000000        5.79049394877751059936491168275459196E-0007
   615.00000000000000        6.18929244176453421656440112350103515E-0008
   630.00000000000000        1.12877733775750277315505147887332048E-0008
   645.00000000000000        1.41131030888742423693618748677669518E-0007
   660.00000000000000        3.57731835440386521922922393665331485E-0007
   675.00000000000000        6.35798585217604115307570074015572822E-0007
   690.00000000000000        9.81251377439498131666958991626800588E-0007
   705.00000000000000        1.42214125229423677839016587437019551E-0006
   720.00000000000000        2.01340739120575823108250140385247269E-0006
   735.00000000000000        2.85636082882932367199058561030716805E-0006
   750.00000000000000        4.14791591472943565191508617327692949E-0006
   765.00000000000000        6.31043512986702409741329109373644969E-0006
   780.00000000000000        1.03887436371646711898435012596282946E-0005
   795.00000000000000        1.95836869394605741793888117234889880E-0005
   810.00000000000000        4.79959925676299046862519454344725705E-0005
   825.00000000000000        2.37230009059041216856694926342741754E-0004
   840.00000000000000        6.48122699231661132291108254479131111E-0003
   855.00000000000000        1.30333853747195434919347889015538893E-0004
   870.00000000000000        3.89327262763080618666923477193394830E-0005
   885.00000000000000        1.89246825194593716134909281515513503E-0005
   900.00000000000000        1.14518240539481161835050844067038590E-0005
   915.00000000000000        7.90408528363555338155298701925851702E-0006
   930.00000000000000        6.01153675747627963446397858816233183E-0006
   945.00000000000000        5.00857870344295669545161303409230359E-0006
   960.00000000000000        4.72498868608664508013808052389030746E-0006
   975.00000000000000        6.08719615958235383865139153044361017E-0006
   990.00000000000000        7.75723262398038514715315836918323248E-0003
   1005.0000000000000        1.67726095132406975267481004919786347E-0007
   1020.0000000000000        5.90998040051517132275863809537527728E-0007
   1035.0000000000000        7.14930424152907288208328621669986915E-0007
   1050.0000000000000        7.37963765746796402804134893738283241E-0007
   1065.0000000000000        7.25408480131489529055003506745678711E-0007
   1080.0000000000000        6.99876316506303722553134103491732905E-0007
   1095.0000000000000        6.69938125387547460906993415382468286E-0007
   1110.0000000000000        6.38715981269232961989957998361388143E-0007
   1125.0000000000000        6.06854431403990424743501982964309568E-0007
   1140.0000000000000        5.73603126203859556943806317383207844E-0007
   1155.0000000000000        5.37134248635353715213959270030025724E-0007
   1170.0000000000000        4.94465990860822021392347146734850859E-0007
   1185.0000000000000        4.41125260054841406754212094637250689E-0007
   1200.0000000000000        3.70694554849430517833353099614700682E-0007
   1215.0000000000000        2.74925606698443060010427859080476029E-0007
   1230.0000000000000        1.48110641789097144840402954718870175E-0007
   1245.0000000000000        1.73280202087928353111599417359102969E-0008
   1260.0000000000000        1.59994517123270977550507870299294062E-0007
   1275.0000000000000        3.58198502084851293814326710389946056E-0006
   1290.0000000000000        2.06261838574172964054587307819449280E-0004
   1305.0000000000000        8.08942176981271958545158984257517217E-0005
   1320.0000000000000        2.74692696260215221192901125288877529E-0005
   1335.0000000000000        2.03870394908547935693732517563769614E-0005
   1350.0000000000000        1.98643275304897114713704068421932340E-0005
   1365.0000000000000        2.27090578900523197637278991738381800E-0005
   1380.0000000000000        2.96299843233337974717359413690919251E-0005
   1395.0000000000000        4.46939017847299045588359231162960990E-0005
   1410.0000000000000        8.27666020233618688335849435147163307E-0005
   1425.0000000000000        2.25902217725586778727322671232691708E-0004
   1440.0000000000000        2.30229989167260800097202987685501404E-0003
   1455.0000000000000        1.48076612178550951930141835046264981E-0003
   1470.0000000000000        1.87962776379389085645983629035337407E-0004
   1485.0000000000000        7.04812216662806993400036098980307015E-0005
   1500.0000000000000        3.73244478321630694542184785562888179E-0005
   1515.0000000000000        2.35939967571892979455325474205545283E-0005
   1530.0000000000000        1.66663669637447834028643335941266616E-0005
   1545.0000000000000        1.27355752981894836183218337525908922E-0005
   1560.0000000000000        1.03401878405645063527214642339553886E-0005
   1575.0000000000000        8.82669683816009856327349007773285824E-0006
   1590.0000000000000        7.87353406280817426909600064121757923E-0006
   1605.0000000000000        7.31625622331962509871572759670288182E-0006
   1620.0000000000000        7.07699241739358046792314136905675040E-0006
   1635.0000000000000        7.13773198137738741483363658233286277E-0006
   1650.0000000000000        7.53948789622308770765832705096841457E-0006
   1665.0000000000000        8.41050211055289064202648906445571513E-0006
   1680.0000000000000        1.00564491065167432182984769314736371E-0005
   1695.0000000000000        1.32434002328065274969383849578136371E-0005
   1710.0000000000000        2.02886873982490057682111398975653906E-0005
   1725.0000000000000        4.13312444665887483149967145611035291E-0005
   1740.0000000000000        1.85198703676166461048053301784766093E-0004
   1755.0000000000000        1.38742257280669347555697828403903292E-0003
   1770.0000000000000        4.48247156844900295227665481502726030E-0005
   1785.0000000000000        1.10930527668442088079108498153755587E-0005
   1800.0000000000000        4.16357892359326216798812163619935803E-0006
   1815.0000000000000        1.83038751600726231768216500862184247E-0006
   1830.0000000000000        8.37024051267748912814384089612824605E-0007
   1845.0000000000000        3.52352899212678277983871568201326607E-0007
   1860.0000000000000        9.97304030018438049903059466382464799E-0008
   1875.0000000000000        2.49841839312031006584519872158139689E-0021
   1890.0000000000000        4.29407184758467626021422948516678204E-0007
   1905.0000000000000        9.74961655968183719744518780357523245E-0005
   1920.0000000000000        1.07527463050585639008206186932025554E-0006
   1935.0000000000000        3.16825674269168821145673349385586958E-0007
   1950.0000000000000        1.26386270082898728548611815895456739E-0007
   1965.0000000000000        4.91240206946551117028990614533889669E-0008
   1980.0000000000000        1.39205557345442045300397735914280241E-0008
   1995.0000000000000        8.02146067542606463629156357448188523E-0010
   2010.0000000000000        3.09946223162483994633682399826463001E-0009
   2025.0000000000000        1.94709416767305530290570565621579884E-0008
   2040.0000000000000        5.19658564447497402786370850201821167E-0008
   2055.0000000000000        1.06157825314297022850058072654538578E-0007
   2070.0000000000000        1.92789880761469757142328624933222083E-0007
   2085.0000000000000        3.31690459329105190407517799300258823E-0007
   2100.0000000000000        5.60456560400243887439154051240784062E-0007
   2115.0000000000000        9.54775504584805205902560416445539224E-0007
   2130.0000000000000        1.68096614647667607283448781093949847E-0006
   2145.0000000000000        3.15238346379009292343834713778570303E-0006
   2160.0000000000000        6.59941866184091815386347770120616475E-0006
   2175.0000000000000        1.69233866608316456544597460855840260E-0005
   2190.0000000000000        6.88617916362643718746393309848323876E-0005
   2205.0000000000000        2.84528146491697751396407569578980055E-0003
   2220.0000000000000        2.43649486634145192396235343903198354E-0004
   2235.0000000000000        5.99402937831144428070355011848686991E-0005
   2250.0000000000000        3.18031128553568437944723573075726083E-0005
   2265.0000000000000        2.29031251611981156418217830124828707E-0005
   2280.0000000000000        1.99005097313047659304293483642892796E-0005
   2295.0000000000000        2.01514371779154302423417598231895203E-0005
   2310.0000000000000        2.39715387223869541218649778693164876E-0005
   2325.0000000000000        3.55577471008230218965677430302461508E-0005
   2340.0000000000000        8.01726364243538373264131380405027245E-0005
   2355.0000000000000        8.67346702142242820157664204890567377E-0004
   2370.0000000000000        2.10271331629952331050595348545363920E-0004
   2385.0000000000000        2.43643618706427610691793992953395832E-0005
   2400.0000000000000        7.07143605581454477568955050731449831E-0006
   2415.0000000000000        2.72993049574661818763833338293464294E-0006
   2430.0000000000000        1.18114107550434056039242660943347681E-0006
   2445.0000000000000        5.22020114037288764407934770602843858E-0007
   2460.0000000000000        2.15066422444507266659446366151110305E-0007
   2475.0000000000000        6.99820123212316693126017350226578953E-0008
   2490.0000000000000        9.87598098076077785633121760279069395E-0009
   2505.0000000000000        2.29279267414243241353890762241416810E-0009
   2520.0000000000000        3.57751572403349209983154653668432382E-0008
   2535.0000000000000        1.12196901385743199457091889393139102E-0007
   2550.0000000000000        2.46834147841141865708088292942532511E-0007
   2565.0000000000000        4.75989408209251880094097658278570144E-0007
   2580.0000000000000        8.79431569448663676492195436008832151E-0007
   2595.0000000000000        1.64441208168648370624077634948968461E-0006
   2610.0000000000000        3.27621354708605497077976056463042979E-0006
   2625.0000000000000        7.48655255749598787040756832526190514E-0006
   2640.0000000000000        2.29775676639100699222833080319488164E-0005
   2655.0000000000000        1.72313407109876112980013641107542888E-0004
   2670.0000000000000        8.15830839642896669444267324541335659E-0004
   2685.0000000000000        6.24053483079899352114060157837415264E-0005
   2700.0000000000000        2.52090031009466690227031670218156794E-0005
   2715.0000000000000        1.56646211419189834473556657071082466E-0005
   2730.0000000000000        1.21900678978994124700368994727943926E-0005
   2745.0000000000000        1.11631498725434382398482487273480546E-0005
   2760.0000000000000        1.19140764875521412693413441426704144E-0005
   2775.0000000000000        1.53135345218023789386666968580474994E-0005
   2790.0000000000000        2.65589521045426833172032468328702239E-0005
   2805.0000000000000        9.67692717499691018844751791441240500E-0005
   2820.0000000000000        1.44615277897287859867051587794285523E-0003
   2835.0000000000000        2.60009173760799035705100801063351387E-0005
   2850.0000000000000        5.76414492619334894486536360804355985E-0006
   2865.0000000000000        2.04075116803232960342435261481133470E-0006
   2880.0000000000000        8.81229448496433764487971571147889643E-0007
   2895.0000000000000        4.20825141988723533372768024435691381E-0007
   2910.0000000000000        2.10900664637698025262725771315287468E-0007
   2925.0000000000000        1.06730147325685600215720801872462579E-0007
   2940.0000000000000        5.24285079937988408720040892586173153E-0008
   2955.0000000000000        2.36223609874003357311168370787206203E-0008
   2970.0000000000000        8.72201136835024031412744817698018201E-0009
   2985.0000000000000        1.87083559966293477185881474771917531E-0009
   3000.0000000000000        2.44925880718487427034361524805407505E-0021
   3015.0000000000000        1.50151999445694680088647335067822163E-0009
   3030.0000000000000        5.60435197777174268426255258225789835E-0009
   3045.0000000000000        1.20921138233777593921897966371484525E-0008
   3060.0000000000000        2.12311810494531323272589966608200335E-0008
   3075.0000000000000        3.39404072193316866949693630910755660E-0008
   3090.0000000000000        5.26685958470892692714095145897035032E-0008
   3105.0000000000000        8.72471340824244868099849908049934762E-0008
   3120.0000000000000        6.46437565362296839503508350417618514E-0007
   3135.0000000000000        6.94526264030648374613597888755902871E-0008
   3150.0000000000000        1.33618125966289137872860718854405144E-0007
   3165.0000000000000        2.09086798049982360786890329539812217E-0007
   3180.0000000000000        3.22459591904804477271757523911913453E-0007
   3195.0000000000000        5.12489937843239950024702523057673519E-0007
   3210.0000000000000        8.67146744356208803699501371044764548E-0007
   3225.0000000000000        1.63326007293783090009491401469454620E-0006
   3240.0000000000000        3.73318277158618515845244166362054176E-0006
   3255.0000000000000        1.31121506689684074388777361436749223E-0005
   3270.0000000000000        3.12788058009686113843250526899958769E-0004
   3285.0000000000000        4.93852520994773899915341818776261038E-0005
   3300.0000000000000        9.71135519171306580368809256107666719E-0006
   3315.0000000000000        4.34998234294488326079504936408204144E-0006
   3330.0000000000000        2.61797065818574185789898961476733376E-0006
   3345.0000000000000        1.84338208835143103201981915669238493E-0006
   3360.0000000000000        1.43499808385117688072424139513517390E-0006
   3375.0000000000000        1.20066262351161897074051132651034394E-0006
   3390.0000000000000        1.06309069820783580524640732466898024E-0006
   3405.0000000000000        9.87279359942207031589232172643157385E-0007
   3420.0000000000000        9.57031292544307102667861811883557890E-0007
   3435.0000000000000        9.66402821806229705462480075580864532E-0007
   3450.0000000000000        1.01694513052652909831938403872897391E-0006
   3465.0000000000000        1.11829209929245670563936792731583389E-0006
   3480.0000000000000        1.29252194517276028176155418725438467E-0006
   3495.0000000000000        1.58613676121360811937307314397201729E-0006
   3510.0000000000000        2.10298028687817158109408075955185438E-0006
   3525.0000000000000        3.10919827653385479751997341111130398E-0006
   3540.0000000000000        5.46639932915384395188561519154942501E-0006
   3555.0000000000000        1.34524520924215914635279757127754783E-0005
   3570.0000000000000        9.32998167951656073713383415775431619E-0005
   3585.0000000000000        1.65766843404431082974742333753603672E-0004
   3600.0000000000000        1.38738466764699373640084508685933285E-0005
   3615.0000000000000        4.61099535459549335889663812433732200E-0006
   3630.0000000000000        2.26085880821120970122288667716044134E-0006
   3645.0000000000000        1.35045430044200400793140807613883900E-0006
   3660.0000000000000        9.19575502059882537177516340348284955E-0007
   3675.0000000000000        6.98616800750943904521379642586135489E-0007
   3690.0000000000000        5.99327336369320111562035595221779077E-0007
   3705.0000000000000        6.28145452653039797815552823001057087E-0007
   3720.0000000000000        1.21114926954753003941355862136611929E-0006
   3735.0000000000000        1.77658996363326326613112774290496376E-0006
   3750.0000000000000        2.40693823707388235623598106345013789E-0021
   3765.0000000000000        1.68328643054697306351086659449998651E-0008
   3780.0000000000000        2.73411376602141576051924643997818222E-0008
   3795.0000000000000        3.08475450135489206637033128584592818E-0008
   3810.0000000000000        3.11740803263500406138995542896805887E-0008
   3825.0000000000000        3.01205802384692353009718058213443267E-0008
   3840.0000000000000        2.84965759505901593140626645536918366E-0008
   3855.0000000000000        2.66659247116238341433080826242149175E-0008
   3870.0000000000000        2.47821371060812757445406770639885306E-0008
   3885.0000000000000        2.28912428457309003614976782482595983E-0008
   3900.0000000000000        2.09763294991129980529068317321692044E-0008
   3915.0000000000000        1.89736134091122421446119143351689033E-0008
   3930.0000000000000        1.67718787835255125574983438056289907E-0008
   3945.0000000000000        1.42001808037011272656846864620666819E-0008
   3960.0000000000000        1.10120892794203911040950522244484904E-0008
   3975.0000000000000        6.91910836994682047714704097164426978E-0009
   3990.0000000000000        2.04861975968601000299613160847593603E-0009
   4005.0000000000000        1.21045159963848302059292930353887244E-0009
   4020.0000000000000        8.08735935932693228414921155377619752E-0008
   4035.0000000000000        2.31721448700953147091685312915939450E-0004
   4050.0000000000000        7.23011735818040595148039517559877992E-0007
   4065.0000000000000        3.40655327591516127329292840028561920E-0007
   4080.0000000000000        2.70747205412235768343232771004127743E-0007
   4095.0000000000000        2.65795024667395254928006543538772556E-0007
   4110.0000000000000        2.98847032347494326138407742928249450E-0007
   4125.0000000000000        3.79743784922998441998534270014119116E-0007
   4140.0000000000000        5.58534544377205781899088157773414600E-0007
   4155.0000000000000        1.02976327615786264733525049584978712E-0006
   4170.0000000000000        3.07158457328304313740469157174685778E-0006
   4185.0000000000000        1.08869806957491061437765919681712216E-0004
   4200.0000000000000        5.18123734103662683271043593110838279E-0006
   4215.0000000000000        9.27093990243783956878334087962491404E-0007
   4230.0000000000000        3.42128221306489655707014825243786884E-0007
   4245.0000000000000        1.64418150827689239289437301660754996E-0007
   4260.0000000000000        9.01070525868558410960831630794431486E-0008
   4275.0000000000000        5.29746619966954223187278524065562087E-0008
   4290.0000000000000        3.21530533144284655756054216341612827E-0008
   4305.0000000000000        1.94960969775027935065623900427411754E-0008
   4320.0000000000000        1.13539195575806810543230309285072140E-0008
   4335.0000000000000        5.94977626641757238161369801234028922E-0009
   4350.0000000000000        2.41407962304541570290196723699358280E-0009
   4365.0000000000000        4.20919973542963765513172116823952941E-0010
   4380.0000000000000        1.20704666399018139969530668013511500E-0010
   4395.0000000000000        2.34670307076678068636936332548545857E-0009
   4410.0000000000000        9.35392922784548253970579697071821272E-0009
   4425.0000000000000        2.71213211496006609016400664921283546E-0008
   4440.0000000000000        7.35545601630952007464193192313163287E-0008
   4455.0000000000000        2.16584119660680868588688490786419671E-0007
   4470.0000000000000        8.61732087222709501827201852071413321E-0007
   4485.0000000000000        1.09877438989677614510841449646660140E-0005
   4500.0000000000000        1.41769388571121430139052511648211398E-0005
   4515.0000000000000        2.20352199090575373882496142366717958E-0006
   4530.0000000000000        1.10365571899911248112671570441758098E-0006
   4545.0000000000000        7.99057877230115856029541237076548966E-0007
   4560.0000000000000        7.10710518822565140244828492603904837E-0007
   4575.0000000000000        7.39799640205084556647716317834869905E-0007
   4590.0000000000000        9.00267579477072852326808825399206142E-0007
   4605.0000000000000        1.33790520964869454900324864965196506E-0006
   4620.0000000000000        2.79610495124351397842305031547902248E-0006
   4635.0000000000000        1.50850563691827344107036937871484772E-0005
   4650.0000000000000        4.20071363663632224438017667313576593E-0005
   4665.0000000000000        2.48436854776309417648714738733751123E-0006
   4680.0000000000000        7.18097106176262696789051238669395379E-0007
   4695.0000000000000        3.12784017303261857623125711605918625E-0007
   4710.0000000000000        1.65934638635286967200017622858561810E-0007
   4725.0000000000000        9.90938779032726289595337531942037293E-0008
   4740.0000000000000        6.41240295585045990071802432303580041E-0008
   4755.0000000000000        4.40123393788739459284799629518629731E-0008
   4770.0000000000000        3.16230422843550132159517315892050987E-0008
   4785.0000000000000        2.35835229456247584807418373907691486E-0008
   4800.0000000000000        1.81528040862760667637937268935737249E-0008
   4815.0000000000000        1.43697800370538356876402214932555427E-0008
   4830.0000000000000        1.16764178065455416371943882649728780E-0008
   4845.0000000000000        9.73810635454899815990329599127977333E-0009
   4860.0000000000000        8.35454465702356289570863936899448276E-0009
   4875.0000000000000        7.41880237827338727179216590502089987E-0009
   4890.0000000000000        6.91460628491284540903538284006985880E-0009
   4905.0000000000000        6.98661940259048378780140337649545932E-0009
   4920.0000000000000        8.34503635399149145530232053648691956E-0009
   4935.0000000000000        1.63197949030600341298814923344279423E-0008
   4950.0000000000000        2.18536526431398521900704705838302621E-0006
   4965.0000000000000        1.38051244151442656199258237326608282E-0009
   4980.0000000000000        4.50957064358755552805647472544696114E-0011
   4995.0000000000000        9.67477478575965619168516483577553951E-0014
   5010.0000000000000        1.12177293219540712883062569895868378E-0012
   5025.0000000000000        3.83943806675370556558618004566129891E-0011
   5040.0000000000000        2.60790800085382784024964138850575395E-0010
   5055.0000000000000        1.16551128149109400916853479884993044E-0009
   5070.0000000000000        5.00821507249495404055634930166649363E-0009
   5085.0000000000000        3.10444815135521891936127663831692316E-0008
   5100.0000000000000        5.67756622774644837709909525127954233E-0006
   5115.0000000000000        1.05981124462387070074746465478398348E-0007
   5130.0000000000000        3.32983233321838788798721050589445326E-0008
   5145.0000000000000        1.94775266379182447016803140051780419E-0008
   5160.0000000000000        1.43999953016201830149008336357107968E-0008
   5175.0000000000000        1.20489438342067221283850950055923268E-0008
   5190.0000000000000        1.09029028745789461883917262010519943E-0008
   5205.0000000000000        1.04357028122476471237848812676886722E-0008
   5220.0000000000000        1.04430597333191862194429563173439834E-0008
   5235.0000000000000        1.08595107506730906172940070059941170E-0008
   5250.0000000000000        1.17029227889719730375311450790821602E-0008
   5265.0000000000000        1.30668453506677807709963940667957693E-0008
   5280.0000000000000        1.51449213176930360317156515929968362E-0008
   5295.0000000000000        1.82989307305814188523367101894664170E-0008
   5310.0000000000000        2.32175594459662011829620804343191536E-0008
   5325.0000000000000        3.13062659816417339304837702480090464E-0008
   5340.0000000000000        4.57695232444530006752994749070261715E-0008
   5355.0000000000000        7.52272958279488721607145869754446549E-0008
   5370.0000000000000        1.49814481457493725783299252140368953E-0007
   5385.0000000000000        4.41413505013343458782128044400974843E-0007
   5400.0000000000000        5.39798966529073966245778382926351195E-0006
   5415.0000000000000        2.61406545234946036198130030292335330E-0006
   5430.0000000000000        3.82723616577360623835040531608031396E-0007
   5445.0000000000000        1.55733864450242932441652068660110545E-0007
   5460.0000000000000        8.98583483756589415537255696579610384E-0008
   5475.0000000000000        6.31831195296427168255239257018024268E-0008
   5490.0000000000000        5.15632509588026955207347165887726082E-0008
   5505.0000000000000        4.86493478575628539238631572569484866E-0008
   5520.0000000000000        5.52855352631681677521794816493908202E-0008
   5535.0000000000000        8.75672108681536021229368300956860932E-0008
   5550.0000000000000        3.92075113535624888016217276663636446E-0007
   5565.0000000000000        3.41857556150815861965393841241985037E-0007
   5580.0000000000000        1.57771292084617506584830670221086697E-0008
   5595.0000000000000        2.18716295352880370424513790172900744E-0009
   5610.0000000000000        2.51554008989025556151260507552742413E-0010
   5625.0000000000000        2.27983165576093924076142476895466901E-0021
   5640.0000000000000        8.93025436050543086753251728160276939E-0011
   5655.0000000000000        2.47317338914490458190271446968195424E-0010
   5670.0000000000000        4.12674809159324751298320155689791485E-0010
   5685.0000000000000        5.76088124539937210485776710244197002E-0010
   5700.0000000000000        7.43349142694998166869571419950717876E-0010
   5715.0000000000000        9.26304853521969049251370668615665119E-0010
   5730.0000000000000        1.14206835563708722639979142731512113E-0009
   5745.0000000000000        1.41625851493898674249543738535364029E-0009
   5760.0000000000000        1.79110370602017478239346524683259086E-0009
   5775.0000000000000        2.34406978563472667095004731337644198E-0009
   5790.0000000000000        3.23516780392916009206529469426064214E-0009
   5805.0000000000000        4.84795539591844393490471683548481963E-0009
   5820.0000000000000        8.32060929312418825237454732693562264E-0009
   5835.0000000000000        1.84801828903784889092296687480261635E-0008
   5850.0000000000000        8.08101890294420943538933478836157822E-0008
   5865.0000000000000        2.99796708364682262187339825013914103E-0006
   5880.0000000000000        4.06199652823451140603338865418680583E-0008
   5895.0000000000000        1.06691293470518096778422279528392824E-0008
   5910.0000000000000        4.55700115003176901941550794903913134E-0009
   5925.0000000000000        2.37963819059887671187930216575925195E-0009
   5940.0000000000000        1.36897727230719945915291907434341273E-0009
   5955.0000000000000        8.12639928326454906227442397560840887E-0010
   5970.0000000000000        4.58091987118137943326691895549662942E-0010
   5985.0000000000000        1.91155493619512111309854602445790135E-0010