   0.0000000000000000       0.126303219752315761870720449913939195      
   30.000000000000000        1.35178043867398441838864624856528823E-0005
   60.000000000000000        1.58464551468949074348436171308306584E-0005
   90.000000000000000        2.21867445072147117644391638881871729E-0005
   120.00000000000000        4.79532315843975074749162850671910104E-0005
   150.00000000000000        9.16429474881309690819379185151762169E-0003
   180.00000000000000        5.02933441299351496287552600097302239E-0006
   210.00000000000000        4.01611137492193395794064257718825906E-0007
   240.00000000000000        4.57134377493407806203046170170249035E-0006
   270.00000000000000        2.02548730911493270694544347587356515E-0005
   300.00000000000000        2.05460203923104438150128176479162992E-0003
   330.00000000000000        1.71543565978742703445186940144863238E-0005
   360.00000000000000        1.70735093373178963929251238026003051E-0006
   390.00000000000000        6.77534706160124279921420958780153419E-0008
   420.00000000000000        2.95963623580804124677668001573525431E-0007
   450.00000000000000        2.52531163520200488572664522432178381E-0005
   480.00000000000000        9.10844819331829499451041044047969058E-0008
   510.00000000000000        1.59376924628714362327219420637640668E-0007
   540.00000000000000        5.70924048095055217532465488518956681E-0007
   570.00000000000000        9.72047125005924797845558672257021902E-0007
   600.00000000000000        2.25092912966641321200448937681394560E-0017
   630.00000000000000        6.31458705832817019968202477357289832E-0006
   660.00000000000000        8.43684980339500774099475681139343419E-0006
   690.00000000000000        1.47144587618776391790421497387564351E-0005
   720.00000000000000        3.59564199898486593197281694396155703E-0005
   750.00000000000000        5.17606564781504414413683037748219217E-0004
   780.00000000000000        1.50806728885874695332090472177889096E-0005
   810.00000000000000        1.21300329203211322129195724709570995E-0006
   840.00000000000000        1.63989796020617587388961838202186775E-0005
   870.00000000000000        8.29369904790050077033708482771322444E-0005
   900.00000000000000        1.81308280411221379750733574146784754E-0003
   930.00000000000000        3.27933163264845323614716476898472645E-0004
   960.00000000000000        3.76333032813637757687231134799135325E-0005
   990.00000000000000        2.28549586667529948720724510964068923E-0006
   1020.0000000000000        1.75651150838040684855689862101945287E-0005
   1050.0000000000000        1.18150009779901996582380655214780654E-0003
   1080.0000000000000        7.23480905180869830959222328102864311E-0004
   1110.0000000000000        1.77067664118997013301073223515188508E-0004
   1140.0000000000000        9.35938283031305670836058117777930695E-0005
   1170.0000000000000        5.31801546885182255411125788962523078E-0005
   1200.0000000000000        2.23794421247250814337644419633124222E-0017
   1230.0000000000000        2.65506482592047589085752955888768322E-0004
   1260.0000000000000        1.65124390664028982918561723392215577E-0004
   1290.0000000000000        1.80046491870999233179541509304160190E-0004
   1320.0000000000000        2.79016791108134546050045743160622010E-0004
   1350.0000000000000        1.26181750367667830918298361745557601E-0003
   1380.0000000000000        1.73540265643838992989020796398286600E-0004
   1410.0000000000000        7.47258919865500659986118809025301899E-0006
   1440.0000000000000        7.20037697229133216528592783162714535E-0005
   1470.0000000000000        2.57714505154608294450732530945679842E-0004
   1500.0000000000000        2.21724862525620935923273707691834874E-0003
   1530.0000000000000        1.83271237525192887010128673827697951E-0003
   1560.0000000000000        1.13633892799968322474803103938027607E-0004
   1590.0000000000000        5.13471659099351171403874550007822935E-0006
   1620.0000000000000        2.91867448725011844600233663472353486E-0005
   1650.0000000000000        8.88916239011224274586129403491739606E-0004
   1680.0000000000000        2.42693558304547483847217156876871685E-0003
   1710.0000000000000        3.10871128087781622472967430921277905E-0004
   1740.0000000000000        1.24378355495056516408237999520871782E-0004
   1770.0000000000000        5.34573073528155567426464446056575492E-0005
   1800.0000000000000        2.21678707737108880748879616843719249E-0017
   1830.0000000000000        5.93869937107559723207337650888675899E-0004
   1860.0000000000000        1.82417932145759763709673847197370420E-0004
   1890.0000000000000        1.51365158978608764233521102484569492E-0004
   1920.0000000000000        1.79568047176627629671165263504803316E-0004
   1950.0000000000000        4.36400238580482064888527971354351329E-0004
   1980.0000000000000        2.74562848258580639221708938716489781E-0004
   2010.0000000000000        5.37167542714625181191613546404388720E-0006
   2040.0000000000000        3.93097589633658491586411604704792620E-0005
   2070.0000000000000        1.08252742794525531066783473255594382E-0004
   2100.0000000000000        5.28371099853392091893656911036705234E-0004
   2130.0000000000000        2.12264047056100146478161105678570021E-0003
   2160.0000000000000        5.33025944284099145004612198101706152E-0005
   2190.0000000000000        1.81411925893438955158551310013216223E-0006
   2220.0000000000000        7.92550504927013385159174251447337561E-0006
   2250.0000000000000        1.42393892958522442849478462595106828E-0004
   2280.0000000000000        2.09647667000123920792590790687152103E-0003
   2310.0000000000000        9.26971748710589864001383894620865006E-0005
   2340.0000000000000        2.75061098494675491641666711066529190E-0005
   2370.0000000000000        9.01000422820207856581666318166155571E-0006
   2400.0000000000000        2.18815027280273733581326322941826804E-0017
   2430.0000000000000        3.85252524151429785340036972380373492E-0004
   2460.0000000000000        3.24312880054373360665278495049166604E-0005
   2490.0000000000000        1.94401870949186329697575728335622462E-0005
   2520.0000000000000        1.72246583402457974771811628801826324E-0005
   2550.0000000000000        2.54444351963481918992544476744251819E-0005
   2580.0000000000000        1.33222834400995418796840643596827298E-0004
   2610.0000000000000        4.99488233032123631534802490881895834E-0007
   2640.0000000000000        2.51701346554709334198603122393237376E-0006
   2670.0000000000000        4.94648234801244697694112036065464964E-0006
   2700.0000000000000        1.42512884011594075013350954911726651E-0005
   2730.0000000000000        7.57921020611319735321226006815438930E-0004
   2760.0000000000000        1.93619841378805986296480060668018677E-0006
   2790.0000000000000        4.06428230632202566999562498540933233E-0008
   2820.0000000000000        1.11541651380090931637705952645932012E-0007
   2850.0000000000000        1.02270703952667845544343093392505258E-0006
   2880.0000000000000        5.32851035798258312981823569732220420E-0004
   2910.0000000000000        5.02498397506081525764901314571219560E-0007
   2940.0000000000000        5.31572745004671713931142869951272474E-0008
   2970.0000000000000        3.74661377142797328935943587235484763E-0009
   3000.0000000000000        2.15293861384385908350764163240654293E-0017
   3030.0000000000000        6.55498735108162307550844673212434770E-0005
   3060.0000000000000        8.53346035340810032271542276536357161E-0008
   3090.0000000000000        9.18023031230427187719160970694241251E-0008
   3120.0000000000000        1.25189596318672473129405310358614195E-0007
   3150.0000000000000        2.22778225091963158069559902157044154E-0007
   3180.0000000000000        1.34924876510864389020210119041384536E-0005
   3210.0000000000000        1.80575665389318358396415636272366711E-0008
   3240.0000000000000        9.39891527827266311114399799735202059E-0008
   3270.0000000000000        2.03029377096813794785827012289690483E-0007
   3300.0000000000000        5.66169706920356993633055366562636053E-0007
   3330.0000000000000        3.51983934115041439170193628044517803E-0005
   3360.0000000000000        2.32023817628260551146276710432191067E-0007
   3390.0000000000000        4.41665493393336447803527932471156130E-0009
   3420.0000000000000        1.19892159324544775794722043339521967E-0008
   3450.0000000000000        9.69444281759022719604654278288561732E-0008
   3480.0000000000000        4.76410891866723136398984926791699760E-0006
   3510.0000000000000        1.05020338731423543989092758440061879E-0007
   3540.0000000000000        6.58772314824570391574815742977054120E-0009
   3570.0000000000000        4.56222947697940669554819631238960436E-0011
   3600.0000000000000        2.11221372873269796508865290379065719E-0017
   3630.0000000000000        2.66870799618954423019096581970100559E-0007
   3660.0000000000000        1.64416509855047642143207416731101573E-0007
   3690.0000000000000        1.27352627806683650248641852313319818E-0007
   3720.0000000000000        1.58645091337403056618852649072790277E-0007
   3750.0000000000000        2.53091980147566527557874727072839785E-0007
   3780.0000000000000        1.26936137492704751208757831470002150E-0006
   3810.0000000000000        5.81165737478530527751696239470840320E-0008
   3840.0000000000000        2.63577462676355334700359811256134038E-0007
   3870.0000000000000        5.93920101753331823073513789029956938E-0007
   3900.0000000000000        1.67062768210266179663448538977648178E-0006
   3930.0000000000000        2.22477176422536012311341614371247739E-0005
   3960.0000000000000        2.45321168147965389016701850868989650E-0006
   3990.0000000000000        4.53722448100693374160191545209635455E-0008
   4020.0000000000000        1.51582063955850744577230912877976099E-0007
   4050.0000000000000        1.55480748646112199591711337399633143E-0006
   4080.0000000000000        3.46418679446192516748442627652214221E-0005
   4110.0000000000000        1.37738893187096794204684140219398676E-0005
   4140.0000000000000        2.04809090190809402658885597720098888E-0006
   4170.0000000000000        5.02243383077536579815118260181778638E-0007
   4200.0000000000000        2.06713333605129554991695955831159155E-0017
   4230.0000000000000        8.61269752433374909360880490723636310E-0006
   4260.0000000000000        1.46197438974269997286196659402828922E-0005
   4290.0000000000000        4.13456548773192959653209187649983612E-0006
   4320.0000000000000        2.75773786970068446662259600922565389E-0006
   4350.0000000000000        2.50245226830139800639490958013055282E-0006
   4380.0000000000000        3.74826606303846105236331753086975226E-0006
   4410.0000000000000        7.41103911371893696062815113447500731E-0007
   4440.0000000000000        1.69354405463616692554050450343705542E-0006
   4470.0000000000000        2.60462377421595255120250224501428958E-0006
   4500.0000000000000        5.00916920579432321208461128637672746E-0006
   4530.0000000000000        2.60908079364751206456624230506709302E-0005
   4560.0000000000000        1.26389723385486687331907088275265746E-0005
   4590.0000000000000        1.22293868907481210056086731169724405E-0007
   4620.0000000000000        2.98172956108277459255766185570242495E-0007
   4650.0000000000000        2.22788648375598723628243192194562884E-0006
   4680.0000000000000        2.25747582051582911845506685202240526E-0005
   4710.0000000000000        3.93172280851985763810787557599601276E-0005
   4740.0000000000000        2.99071051518142713688216176399963786E-0006
   4770.0000000000000        5.49937137063641645919548945065127944E-0007
   4800.0000000000000        2.01889135406243627570209456342451906E-0017
   4830.0000000000000        3.57242109005029067906350101425556292E-0006
   4860.0000000000000        2.69135002005033412729843206898693172E-0005
   4890.0000000000000        3.68672476696603779765620580570323079E-0006
   4920.0000000000000        1.86471661488490528496591755317061430E-0006
   4950.0000000000000        1.29412127049740873914531122097207520E-0006
   4980.0000000000000        1.05304181094869246496626509822281061E-0006
   5010.0000000000000        9.61045617195135014936828785109596392E-0007
   5040.0000000000000        9.78727516787158556491248027262070577E-0007
   5070.0000000000000        1.14397877901083344693176920962560048E-0006
   5100.0000000000000        1.69806067813569780312046623099535193E-0006
   5130.0000000000000        5.08222165031039891050999381183369484E-0006
   5160.0000000000000        1.22278844846348931460490414840773478E-0005
   5190.0000000000000        4.68765240141978953791365460934716346E-0008
   5220.0000000000000        8.64434164530034040768797356181205100E-0008
   5250.0000000000000        4.99751287691130965334480678207228630E-0007
   5280.0000000000000        3.03167512684200283737714295325395176E-0006
   5310.0000000000000        2.95491833350230823241490254209529759E-0005
   5340.0000000000000        7.53999623945113391039050611453761424E-0007
   5370.0000000000000        1.03606467589536356729153781543437812E-0007
   5400.0000000000000        1.96866379165954803777582542479500006E-0017
   5430.0000000000000        3.18431833676480507526063239281041030E-0007
   5460.0000000000000        1.61991024254004744299363166288656675E-0005
   5490.0000000000000        5.82921265570449154479672745413122729E-0007
   5520.0000000000000        2.15201097443621161426941598431096817E-0007
   5550.0000000000000        1.12960383800239174081148842905865676E-0007
   5580.0000000000000        5.68985820127227303894805166512594816E-0008
   5610.0000000000000        4.74747717889858087538554599153185117E-0007
   5640.0000000000000        8.61206628655997174686638647897581816E-0008
   5670.0000000000000        7.00548514128739310229750149333345622E-0008
   5700.0000000000000        7.50798272071033733820844015043855965E-0008
   5730.0000000000000        1.34605115901712976055195838687990737E-0007
   5760.0000000000000        5.06261787650388984945304297422382153E-0006
   5790.0000000000000        1.68276267846020365648077169675178195E-0009
   5820.0000000000000        1.90209117856090965520703280013841162E-0009
   5850.0000000000000        6.79229790762224252034938957066868141E-0009
   5880.0000000000000        2.02980344474195022452310454918176054E-0008
   5910.0000000000000        1.04530504257553949307874724108270897E-0005
   5940.0000000000000        2.89952077821196602715295840709049307E-0009
   5970.0000000000000        8.39958991560259488743264691434983404E-0011
   6000.0000000000000        1.91756375295387137141897235250059219E-0017
   6030.0000000000000        1.89221700677909850592906313170389562E-0010
   6060.0000000000000        4.98898418980911400560315571012736965E-0006
   6090.0000000000000        7.50991220505159625306482881110014380E-0009
   6120.0000000000000        4.24514837040735655295592513607701866E-0009
   6150.0000000000000        3.28766647313904613404729343851154662E-0009
   6180.0000000000000        2.02929889889120076865441345624709400E-0009
   6210.0000000000000        1.29767229051259105540246784437056639E-0007
   6240.0000000000000        1.43761571633061905105611301539947621E-0008
   6270.0000000000000        1.33215334731818463676151528642395544E-0008
   6300.0000000000000        1.77762269184666657710079729398392036E-0008
   6330.0000000000000        3.59681983086413859822012915548503878E-0008
   6360.0000000000000        1.25353689437378250131421006552863451E-0006
   6390.0000000000000        2.02458557739507591314431586952343870E-0009
   6420.0000000000000        2.70408395170427432606990444048634575E-0009
   6450.0000000000000        1.33614254849132483759292038480261321E-0008
   6480.0000000000000        5.45782974447508566344574110822523363E-0008
   6510.0000000000000        2.39641312181933976056226541544995738E-0006
   6540.0000000000000        7.79628505053785157001080469546251122E-0008
   6570.0000000000000        7.44919172383821375403717978904037698E-0009
   6600.0000000000000        1.86660795006397890257736043201975275E-0017
   6630.0000000000000        1.34620586259295281620771084101351570E-0008
   6660.0000000000000        1.08381595727927191371685764129941207E-0006
   6690.0000000000000        1.43094840013279181671485445461056785E-0007
   6720.0000000000000        3.61365886502795153618248683024560995E-0008
   6750.0000000000000        1.63986974839395223329722160602743676E-0008
   6780.0000000000000        6.03047031926102356034558291834725330E-0009
   6810.0000000000000        2.73532739459255814275297460242307812E-0008
   6840.0000000000000        5.72675787298585202307168458103954067E-0008
   6870.0000000000000        3.22502931018425450699504516309003518E-0008
   6900.0000000000000        3.15807411851160611394778373774643929E-0008
   6930.0000000000000        4.53362476675328520568015078460364785E-0008
   6960.0000000000000        2.62248831307569440193385004408630835E-0007
   6990.0000000000000        4.36719624758360704355563360963740553E-0009
   7020.0000000000000        3.74822530426106834259187715277862919E-0009
   7050.0000000000000        1.45069595569375522768008667528984129E-0008
   7080.0000000000000        4.48237491587896430662732770001873560E-0008
   7110.0000000000000        5.07358005894442166960921438091351532E-0007
   7140.0000000000000        1.22530541634128003598010917529401920E-0007
   7170.0000000000000        7.56758742657657061015727131855858921E-0009
   7200.0000000000000        1.81669487667012518711432156867425659E-0017
   7230.0000000000000        8.63082664699539094591262543403819778E-0009
   7260.0000000000000        2.35442232938838140206215859552849304E-0007
   7290.0000000000000        1.89169364664367240322400877533053751E-0007
   7320.0000000000000        3.03871910921530703428856409512392960E-0008
   7350.0000000000000        1.12740832118162618687592774574328179E-0008
   7380.0000000000000        3.31341464853631838080995939322215016E-0009
   7410.0000000000000        6.13329694860617540716684442220010806E-0009
   7440.0000000000000        6.90280837345302375238518658510832749E-0008
   7470.0000000000000        2.39628643503502536889707647757336196E-0008
   7500.0000000000000        1.92950169639496298215517039909219248E-0008
   7530.0000000000000        2.24275905530166895443340275610494895E-0008
   7560.0000000000000        6.04629730312704514836099619605409250E-0008
   7590.0000000000000        5.02732803055708373050210437814348296E-0009
   7620.0000000000000        2.54092271954459522668563941079869933E-0009
   7650.0000000000000        8.08719933317218081669888398915128949E-0009
   7680.0000000000000        2.03837863219260260156639958499348093E-0008
   7710.0000000000000        1.18625950162448634459820704683546565E-0007
   7740.0000000000000        1.37970399449496599545820213041978191E-0007
   7770.0000000000000        4.72446561433834145282911946172811695E-0009
   7800.0000000000000        1.76859419661092163655505021843732764E-0017
   7830.0000000000000        3.60858121783374919768763760265758824E-0009
   7860.0000000000000        5.44959931467024731415925223885734179E-0008
   7890.0000000000000        2.10337609685960034270659418769700411E-0007
   7920.0000000000000        1.73113236666441033082037511025351925E-0008
   7950.0000000000000        5.21614292762168268718651439754059702E-0009
   7980.0000000000000        1.25398082157069198515908939718171396E-0009
   8010.0000000000000        1.35799939186169921594760333196904905E-0009
   8040.0000000000000        7.57822518120873696898146810363272762E-0008
   8070.0000000000000        1.21646660203734585058754620978289981E-0008
   8100.0000000000000        7.86277290751293388276401138960151472E-0009
   8130.0000000000000        7.44540231383563658522013544730912881E-0009
   8160.0000000000000        1.22508525555731620125660489054504345E-0008
   8190.0000000000000        5.41779906255901760946099855424828429E-0009
   8220.0000000000000        1.10572583844379909905427577978417996E-0009
   8250.0000000000000        2.78065928371074562571964518691172683E-0009
   8280.0000000000000        5.66347132718030743534896237614344323E-0009
   8310.0000000000000        2.07158662472171438363490245413820426E-0008
   8340.0000000000000        1.44853123532982127963033936864992092E-0007
   8370.0000000000000        1.65999957868597747874828338179607111E-0009
   8400.0000000000000        1.72294548357374516576392514416644773E-0017
   8430.0000000000000        7.81441518961064897669238191188839470E-0010
   8460.0000000000000        7.53531258194535266401482377273502030E-0009
   8490.0000000000000        2.13340777725852851671548345448122196E-0007
   8520.0000000000000        4.47390288022631216387131401548649071E-0009
   8550.0000000000000        1.00816231257098291632533739486053424E-0009
   8580.0000000000000        1.87717879882411104577448991248127490E-0010
   8610.0000000000000        1.29504803403338734211531447306885115E-0010
   8640.0000000000000        7.37129219141554039708026091746320461E-0008
   8670.0000000000000        1.94534353537648620946772185539342126E-0009
   8700.0000000000000        8.84266323433429236801950203799765702E-0010
   8730.0000000000000        6.09485111362624586977502152675307232E-0010
   8760.0000000000000        6.04986853864688395330905865606963535E-0010
   8790.0000000000000        5.02564690978680170326428255546181660E-0009
   8820.0000000000000        7.22165186904501467426495939974783096E-0011
   8850.0000000000000        1.07666129430863315116507372124486396E-0010
   8880.0000000000000        1.27942443810787411592456681724025801E-0010
   8910.0000000000000        2.08366154027444194980534571552786546E-0010
   8940.0000000000000        1.27523178684831556721043255675178982E-0007
   8970.0000000000000        4.47248319644842310661065813759411798E-0012
   9000.0000000000000        1.68026444630409541482484066226500989E-0017
   9030.0000000000000        1.69001341852298835290354052368186912E-0012
   9060.0000000000000        5.35029590695014501053888224945501437E-0011
   9090.0000000000000        1.77732164451735532458024187557495447E-0007
   9120.0000000000000        3.18383939735915844272102744227289257E-0010
   9150.0000000000000        9.83508333822958794417130328352820968E-0011
   9180.0000000000000        2.54288029538688737690939995811696276E-0011
   9210.0000000000000        2.08711330578702352788413803441182743E-0011
   9240.0000000000000        5.79925464717262579511526375334839802E-0008
   9270.0000000000000        1.42720687424978092291429382151266489E-0009
   9300.0000000000000        7.37505346303139061357925746035822511E-0010
   9330.0000000000000        6.38050007538840526277589387500638211E-0010
   9360.0000000000000        7.27885027633951435706352378988275206E-0010
   9390.0000000000000        3.72716157360521623192504125307039414E-0009
   9420.0000000000000        4.15122147446944676944418141016588594E-0010
   9450.0000000000000        7.66831323977152658689860931462968180E-0010
   9480.0000000000000        1.36052906118242542747404449006672934E-0009
   9510.0000000000000        3.43545099155868217173214919142597863E-0009
   9540.0000000000000        8.90877961156779688817240780049964889E-0008
   9570.0000000000000        1.63601036951860425822893993484374138E-0009
   9600.0000000000000        1.64095424858913755795742688070402607E-0017
   9630.0000000000000        4.65646781107209528124822098872100484E-0010
   9660.0000000000000        3.17620024369272995573315980079986319E-0009
   9690.0000000000000        1.16791461907484754030516558126300488E-0007
   9720.0000000000000        1.12560769163681355936277733177230080E-0008
   9750.0000000000000        1.74515765641567743064457332761672628E-0009
   9780.0000000000000        2.84309013385243295098270300660624833E-0010
   9810.0000000000000        1.45242084226624716944089802593622792E-0010
   9840.0000000000000        3.57863897633764691757104907174644980E-0008
   9870.0000000000000        1.40630018792858827163509248520381448E-0008
   9900.0000000000000        4.44865154368958843874988614765886910E-0009
   9930.0000000000000        2.84161565208630700565445394373365052E-0009
   9960.0000000000000        2.30846548741726467915374757221531599E-0009
   9990.0000000000000        2.15566516792497494006229426370764935E-0009
   10020.000000000000        2.24977833826127497585723330234551924E-0009
   10050.000000000000        2.63771061251607759791111529581960332E-0009
   10080.000000000000        3.63199389481475348791015161199002079E-0009
   10110.000000000000        6.87379313275455426939039191516757488E-0009
   10140.000000000000        4.81186729731405892235071809528750358E-0008
   10170.000000000000        6.13579355606274434381535920056825311E-0009
   10200.000000000000        1.60531995249018291876624345773635815E-0017
   10230.000000000000        8.76950555310095064186057560504041233E-0010
   10260.000000000000        4.60829756469897803800207292516558384E-0009
   10290.000000000000        5.86644067053247999425241935232556282E-0008
   10320.000000000000        3.26875843177612441101084173545613523E-0008
   10350.000000000000        3.13757100813758467387519953953983219E-0009
   10380.000000000000        4.09355256290059536238866537277716368E-0010
   10410.000000000000        1.64141154368092935839392215004083758E-0010
   10440.000000000000        1.66174725831750456319554637988358507E-0008
   10470.000000000000        3.36976621646714121685314358847936531E-0008
   10500.000000000000        6.37304147477264123273832968340820723E-0009
   10530.000000000000        3.27384393109397572837953147490755811E-0009
   10560.000000000000        2.10943864351632625056172312841910712E-0009
   10590.000000000000        9.17692791337010417142829399016048304E-0010
   10620.000000000000        4.63010152169971524125708606430066287E-0009
   10650.000000000000        3.09465513119912171754510701727474885E-0009
   10680.000000000000        3.42724453855359113125603877992818080E-0009
   10710.000000000000        5.18482188288969403861538656900779662E-0009
   10740.000000000000        1.85799298243091305774237320294135013E-0008
   10770.000000000000        1.11447963572075405389143606271233641E-0008
   10800.000000000000        1.57358432878575154219778794005640592E-0017
   10830.000000000000        6.84260753889129850265611064469926218E-0010
   10860.000000000000        2.88807786646214005352885272634694479E-0009
   10890.000000000000        2.02340947467931384776338838818316832E-0008
   10920.000000000000        5.33946105465982455561648684200663876E-0008
   10950.000000000000        2.53442700955369373849536754871171576E-0009
   10980.000000000000        2.63628993248071835421540754348931886E-0010
   11010.000000000000        8.50493604502493300367070536394677080E-0011
   11040.000000000000        5.01188818183080289290981142188648571E-0009
   11070.000000000000        5.01916358700532186442544116214013267E-0008
   11100.000000000000        4.22590101631651359033208422875932759E-0009
   11130.000000000000        1.71509544027603490962218607086637778E-0009
   11160.000000000000        8.88016428429258681665344522114823366E-0010
   11190.000000000000        2.34622495158267857167599118316778159E-0010
   11220.000000000000        6.35305753676035253937045240834567191E-0009
   11250.000000000000        1.64147395433019845936989702158399913E-0009
   11280.000000000000        1.41707444816144032530425380283594459E-0009
   11310.000000000000        1.71258375494728723088481309162914650E-0009
   11340.000000000000        3.84113056052520456644182096138188819E-0009
   11370.000000000000        1.41968385231129207131914760865478024E-0008
   11400.000000000000        1.54590363755919555239915435754563370E-0017
   11430.000000000000        2.11148175325587737090029796791493297E-0010
   11460.000000000000        7.02431724931605875475231525893812460E-0010
   11490.000000000000        3.12838827545062849853476914386367949E-0009
   11520.000000000000        6.35116822639181788808434795471521749E-0008
   11550.000000000000        7.12533312324577714389387192579407015E-0010
   11580.000000000000        5.47119858981584113520638515868012266E-0011
   11610.000000000000        1.34796806557740215927616932971976089E-0011
   11640.000000000000        5.01324730793276762089748457319684447E-0010
   11670.000000000000        5.59924813360579578023613350730461597E-0008
   11700.000000000000        6.83916823922394036552448620120451114E-0010
   11730.000000000000        1.90906992531462930859505294558262837E-0010
   11760.000000000000        7.02086123481922784403635757995974102E-0011
   11790.000000000000        1.09071779018957222898562822456607069E-0011
   11820.000000000000        6.66884052885963723668515337125202398E-0009
   11850.000000000000        9.14210211654361602824465282419632025E-0011
   11880.000000000000        4.31108376730160849214511680195166850E-0011
   11910.000000000000        2.67845570358141376902595715230384546E-0011
   11940.000000000000        2.12744043148132867253904171608824649E-0011
   11970.000000000000        1.40512407477998339888149167499854174E-0008
   12000.000000000000        1.52238246836776278188434306626734472E-0017
   12030.000000000000        6.02812366783594038179556932823935940E-0013
   12060.000000000000        7.54958614119105276341424407209665015E-0012
   12090.000000000000        6.30741130591221253273076596105449117E-0011
   12120.000000000000        5.93688101521101999149663809625552760E-0008
   12150.000000000000        1.01610179071581009768500416636875979E-0010
   12180.000000000000        9.93365292080433739517841340928587857E-0012
   12210.000000000000        3.23413214049941298766394707833789151E-0012
   12240.000000000000        1.39459687842257822749286265450570635E-0010
   12270.000000000000        4.94673791652039731088315045500737535E-0008
   12300.000000000000        8.45584003012087051015985470210453026E-0010
   12330.000000000000        2.67690474243005699653812164712439169E-0010
   12360.000000000000        1.24640883834698326166231167863363579E-0010
   12390.000000000000        2.27179030838038421905917360568164650E-0011
   12420.000000000000        5.56806149546575470148053089770294683E-0009
   12450.000000000000        9.81942138342279092252081039226599921E-0010
   12480.000000000000        6.15316165318452055213169089744863153E-0010
   12510.000000000000        6.44522985947414307183900495486827403E-0010
   12540.000000000000        1.00046441925303303050344983941069025E-0009
   12570.000000000000        1.10850147646836567308716285554584693E-0008
   12600.000000000000        1.50308693937349690472507089394310512E-0017
   12630.000000000000        2.27377732157704396726440129322831745E-0010
   12660.000000000000        6.52132500099749731807640846293839469E-0010
   12690.000000000000        2.06964134470672580713895581179481300E-0009
   12720.000000000000        4.41802073580354838950277248132217018E-0008
   12750.000000000000        2.83849744536942323011003187669785432E-0009
   12780.000000000000        1.49729977307055134494899260065982557E-0010
   12810.000000000000        3.26323108316958684330667613716149152E-0011
   12840.000000000000        9.12071561530744223842274387792599594E-0010
   12870.000000000000        3.46547510442322090223716135847469742E-0008
   12900.000000000000        8.24870944111644711548309859506438050E-0009
   12930.000000000000        1.61944202671080241558920791545848657E-0009
   12960.000000000000        5.64677536365900938917496006680384670E-0010
   12990.000000000000        7.42156435313125875266216984328044740E-0011
   13020.000000000000        3.66187767284373097330289668237203741E-0009
   13050.000000000000        5.62313376527255762305921756812027606E-0009
   13080.000000000000        2.24040618113462895074422148916915504E-0009
   13110.000000000000        1.83251388529663266122077544460447055E-0009
   13140.000000000000        2.14748349670755693161381284507957171E-0009
   13170.000000000000        6.81284359846241664135953536595203385E-0009
   13200.000000000000        1.48805600257664336363271717454455480E-0017
   13230.000000000000        5.85852172340235383541065708545887352E-0010
   13260.000000000000        1.33685308193453134489332680064441239E-0009
   13290.000000000000        3.28402269913881184859745017211425324E-0009
   13320.000000000000        2.52539809536266841189484608093785043E-0008
   13350.000000000000        9.13199284127330615591118539380482493E-0009
   13380.000000000000        2.96760659913123023092341148404171874E-0010
   13410.000000000000        5.17005689308196481398681678075930365E-0011
   13440.000000000000        1.13822576290433939892526108034583651E-0009
   13470.000000000000        1.82951543558572352791614324078547645E-0008
   13500.000000000000        2.21121392728536052662410365366153550E-0008
   13530.000000000000        2.57415960143283540842836099430007235E-0009
   13560.000000000000        7.22252148714086831461747673496258729E-0010
   13590.000000000000        7.55090970273092727095834653444594205E-0011
   13620.000000000000        1.76896828052167022323558425905044520E-0009
   13650.000000000000        1.30280583242311764166115348437256166E-0008
   13680.000000000000        2.92644338523632229910127355651081318E-0009
   13710.000000000000        1.92440625838097074211012797999545561E-0009
   13740.000000000000        1.80458276861991396389711453249808905E-0009
   13770.000000000000        2.97727297012455753752736228468976478E-0009
   13800.000000000000        1.47731059265844521487448563491603513E-0017
   13830.000000000000        6.35223755386867131255324721236073940E-0010
   13860.000000000000        1.16092809228738269566314414840453768E-0009
   13890.000000000000        2.29124918275738459984658140873729626E-0009
   13920.000000000000        9.81470111211725815241177380518619052E-0009
   13950.000000000000        1.68934035600091723973739348281540013E-0008
   13980.000000000000        2.66217524144636178547429791138939142E-0010
   14010.000000000000        3.70093084851484932868868124755581478E-0011
   14040.000000000000        6.54588159763113875635509977535149329E-0010
   14070.000000000000        6.17962846765601414379928879467659638E-0009
   14100.000000000000        3.73545228392180410312849014657700221E-0008
   14130.000000000000        1.88771678792380539405820434454022169E-0009
   14160.000000000000        4.17328719786276409757889752845734182E-0010
   14190.000000000000        3.49909026439164783566259973297921079E-0011
   14220.000000000000        5.02219269614140406351262207011497009E-0010
   14250.000000000000        2.02894247880301322211871971842804027E-0008
   14280.000000000000        1.70221752225399116191837894243483962E-0009
   14310.000000000000        8.69376429500706250862920341734091000E-0010
   14340.000000000000        6.49854573388672132918792532790603364E-0010
   14370.000000000000        6.73885801734345923086346166144397045E-0010
   14400.000000000000        1.47086072767973232561484899218549147E-0017
   14430.000000000000        2.77291017756197410632128948374141893E-0010
   14460.000000000000        3.84887600912897757479195186709807978E-0010
   14490.000000000000        5.96093036139210145214856561094759776E-0010
   14520.000000000000        1.62414213546629115624495477130782371E-0009
   14550.000000000000        2.28128727137382968575257034007232489E-0008
   14580.000000000000        7.86727356946053581044665637933593895E-0011
   14610.000000000000        7.97059411667955662235510908550830219E-0012
   14640.000000000000        1.06956797400395938753369752488667775E-0010
   14670.000000000000        6.32364303638046708148034325190775509E-0010
   14700.000000000000        4.72915771228448789831839420153803342E-0008
   14730.000000000000        3.01370000729755824220059844652407823E-0010
   14760.000000000000        4.47241378443962088252460969625681125E-0011
   14790.000000000000        2.59000506014183575941954437664077965E-0012
   14820.000000000000        2.10622807997505068321763642772332953E-0011
   14850.000000000000        2.41561586507651412330689606071716694E-0008
   14880.000000000000        7.48674600144396544851104503013806673E-0011
   14910.000000000000        1.83784320112090752922995428202977671E-0011
   14940.000000000000        5.60053839556483806775923044237335371E-0012
   14970.000000000000        1.16589437575497259368414489998859965E-0012
