   0.0000000000000000        6.25313455062691054606818539602975503E-0005
   30.000000000000000        6.38127380207623369571356072156266820E-0005
   60.000000000000000        6.82104671912957746437800390990599656E-0005
   90.000000000000000        7.83909313378109047653018379077140342E-0005
   120.00000000000000        1.08806503750955932958186090591251730E-0004
   150.00000000000000        4.16916446302510110608227487702706241E-0003
   180.00000000000000        3.31983420790713627152509395667831951E-0005
   210.00000000000000        6.96943164144403600177894391170121228E-0005
   240.00000000000000        1.17255853735340321772158373982571113E-0004
   270.00000000000000        2.68869352286247685348534717276415593E-0004
   300.00000000000000        1.49177437808951805613684958731636070E-0002
   330.00000000000000        3.74737926529667758655663669386049227E-0005
   360.00000000000000        3.42271134004748271749421686259435008E-0006
   390.00000000000000        3.05331248555127427954174298810439416E-0005
   420.00000000000000        1.14253815562326846959199054483961472E-0004
   450.00000000000000        4.51282317207876292097851628689628937E-0003
   480.00000000000000        5.90030037901600482125192227255550158E-0005
   510.00000000000000        1.61918835707586475035028834159234759E-0006
   540.00000000000000        4.13140959105721705843374748692213205E-0006
   570.00000000000000        1.26522865243116355449338624775047675E-0005
   600.00000000000000        3.14778403482073576667170110886822070E-0005
   630.00000000000000        3.27431880964752157401177818615862380E-0005
   660.00000000000000        5.45720688287360494808204030151326333E-0005
   690.00000000000000        9.26510846649567139489064006341161791E-0005
   720.00000000000000        1.97951974037073398251644167337950278E-0004
   750.00000000000000        2.10479169405179908254696762603728977E-0003
   780.00000000000000        1.64354998529223044269883254263060604E-0005
   810.00000000000000        3.92275934422027189231442853457481801E-0005
   840.00000000000000        1.52686015503839073006560293403784260E-0004
   870.00000000000000        5.32640108264932878688067425131301037E-0004
   900.00000000000000        8.86267338110729640893467030334565527E-0003
   930.00000000000000        1.21620652370804541082028709312426187E-0003
   960.00000000000000        9.70265578480146909215964123207087553E-0005
   990.00000000000000        3.93938360846340397173999588701813363E-0006
   1020.0000000000000        7.98693577766080598485596568629666739E-0005
   1050.0000000000000        2.72634479425821611427652785330222851E-0003
   1080.0000000000000        1.09444861294213951044635649466202801E-0003
   1110.0000000000000        1.77102548950623161339588443786393812E-0004
   1140.0000000000000        5.95393360264799777464847436626480451E-0005
   1170.0000000000000        2.10522054071810391500055523397112300E-0005
   1200.0000000000000        4.76097383617255680676189118536954137E-0006
   1230.0000000000000        1.18344396419173953321571773114127696E-0005
   1260.0000000000000        5.30799323717165041307302861392864426E-0006
   1290.0000000000000        1.41253754126596782143761448134854140E-0005
   1320.0000000000000        5.23482944503621289539783183671063630E-0005
   1350.0000000000000        4.77861483606700496099830719938481641E-0004
   1380.0000000000000        1.54563793251825013952792581040763886E-0004
   1410.0000000000000        6.58953793426881244011018160583420886E-0006
   1440.0000000000000        5.23905729757512343768651488057258728E-0005
   1470.0000000000000        2.56732934048811138890673418266486666E-0004
   1500.0000000000000        2.85766729183417848886491758297663076E-0003
   1530.0000000000000        3.03308616889296460146523898876350021E-0003
   1560.0000000000000        2.65484695202605591107528552063448085E-0004
   1590.0000000000000        4.29654432366524912175187662116746187E-0005
   1620.0000000000000        1.47825293917678511111967965722450536E-0005
   1650.0000000000000        8.15998335902347780765456950413197401E-0004
   1680.0000000000000        2.73884326735370069624931294413491482E-0003
   1710.0000000000000        3.82228280788899227678669134330143557E-0004
   1740.0000000000000        1.62502294849408794173753487771096180E-0004
   1770.0000000000000        8.38699889860138302114164191877263356E-0005
   1800.0000000000000        2.92247410614333544227541619605922930E-0005
   1830.0000000000000        1.30579620140767783968117561772431799E-0004
   1860.0000000000000        4.51314965457533701360046465169994819E-0005
   1890.0000000000000        2.41866500710714485946671675180537200E-0005
   1920.0000000000000        1.15647425605322656000568077175379793E-0005
   1950.0000000000000        2.19806831413419638232596820950287695E-0005
   1980.0000000000000        2.33720589583245838590425718007926140E-0004
   2010.0000000000000        2.33130059929348886186185245162466255E-0005
   2040.0000000000000        9.24646603380115322706120535696497813E-0006
   2070.0000000000000        2.91070384476798063196012225247273939E-0005
   2100.0000000000000        3.57050085876100944810975658182478680E-0004
   2130.0000000000000        3.33417572623883173929984260367792127E-0003
   2160.0000000000000        2.15192914082262737864522640473419442E-0004
   2190.0000000000000        6.48227262567379835373128829807711799E-0005
   2220.0000000000000        1.60524963136053809572988488879559592E-0005
   2250.0000000000000        7.16030895614669405398695090165385188E-0005
   2280.0000000000000        3.13396912049444309506791263581190738E-0003
   2310.0000000000000        2.52900136742283483211168031004055368E-0004
   2340.0000000000000        1.22173075817289726550392034721545607E-0004
   2370.0000000000000        7.66816401114885970262574319903032839E-0005
   2400.0000000000000        4.40665334663287937238116091531128043E-0005
   2430.0000000000000        2.22848620568197217239919599059673170E-0004
   2460.0000000000000        6.27978566819241404839498868613792645E-0005
   2490.0000000000000        4.61981575154318765789042736074462641E-0005
   2520.0000000000000        3.59772924275673965491215456152674577E-0005
   2550.0000000000000        2.48987310308716010420013919558586679E-0005
   2580.0000000000000        1.52072407721115451176748119098832951E-0004
   2610.0000000000000        3.41565957267823120256309139539420860E-0005
   2640.0000000000000        2.48065106180722201763283607682340865E-0005
   2670.0000000000000        1.74497703976134356364817155806682457E-0005
   2700.0000000000000        9.89324883134061274984670898950211034E-0006
   2730.0000000000000        2.04181663566799685991236937013453148E-0003
   2760.0000000000000        6.11936799973765484539089955749629481E-0005
   2790.0000000000000        3.67884239765933563805288248876377013E-0005
   2820.0000000000000        2.70507766862929558509359374976553044E-0005
   2850.0000000000000        1.76918795654237622867594875171595917E-0005
   2880.0000000000000        2.01693121849462490642665444108275972E-0003
   2910.0000000000000        4.05253439740838435294951752873265247E-0005
   2940.0000000000000        3.05970143160900583932196870463904999E-0005
   2970.0000000000000        2.68390165443178969304401305816541974E-0005
   3000.0000000000000        2.48717394764519647215988182847713008E-0005
   3030.0000000000000        1.60539652389346437302552943446568099E-0004
   3060.0000000000000        2.08595358926879090910905015013704677E-0005
   3090.0000000000000        2.03620268219463239111973196140685799E-0005
   3120.0000000000000        1.99861094510445566459821755438820601E-0005
   3150.0000000000000        2.01533216791677514069496734980362092E-0005
   3180.0000000000000        4.62506292446965449938920763379297856E-0005
   3210.0000000000000        1.80023855599526859086083196148008066E-0005
   3240.0000000000000        1.95656686336271632618197344673498645E-0005
   3270.0000000000000        2.24347781635853952681238547710373361E-0005
   3300.0000000000000        3.25591297314154260567049552038401070E-0005
   3330.0000000000000        7.22600932539328225341016679725983683E-0004
   3360.0000000000000        7.53177650512417288688770096445588309E-0006
   3390.0000000000000        9.95624572177668822785530250391388565E-0006
   3420.0000000000000        1.44235983255750831521585753187020307E-0005
   3450.0000000000000        2.81452370400636649696742050241058549E-0005
   3480.0000000000000        7.56490845083757736030031106475543293E-0004
   3510.0000000000000        2.18146382502821699956729333904939217E-0005
   3540.0000000000000        7.50090303745744234810233829705406255E-0006
   3570.0000000000000        6.33528752357295452747859159059751143E-0006
   3600.0000000000000        7.15289890745798319902197726955455561E-0006
   3630.0000000000000        5.47600651696087660870657107325127581E-0005
   3660.0000000000000        8.61595163346280841496462795149429198E-0006
   3690.0000000000000        5.87282651408540118879671176137349830E-0006
   3720.0000000000000        5.47580090136126455254931432820704260E-0006
   3750.0000000000000        5.39785279937613502424945078176214076E-0006
   3780.0000000000000        6.37169784227477311043808573074629149E-0006
   3810.0000000000000        5.11405005154124939257356764599255364E-0006
   3840.0000000000000        5.56732880257833404835412748537121573E-0006
   3870.0000000000000        6.80026151747833142743334836317069150E-0006
   3900.0000000000000        1.20426877337333754101267167547517423E-0005
   3930.0000000000000        1.32720343153417793117130400650183060E-0004
   3960.0000000000000        2.45025040604969957361009081102483021E-0005
   3990.0000000000000        5.33200486862434201275976530800654546E-0006
   4020.0000000000000        3.81404248532906551463797170806178113E-0006
   4050.0000000000000        7.99863728689595604258355008479605769E-0006
   4080.0000000000000        1.50079256548764898512033218468565113E-0004
   4110.0000000000000        7.77027788752940459340695710750280826E-0005
   4140.0000000000000        1.73570663361611960543180094493603858E-0005
   4170.0000000000000        8.60400287138547181974159920977183868E-0006
   4200.0000000000000        4.52867991798226471879333036828315162E-0006
   4230.0000000000000        6.59738795846533796321488752309878436E-0006
   4260.0000000000000        2.66702379673326839810166522145524106E-0005
   4290.0000000000000        1.06442395763067143457602827569765445E-0005
   4320.0000000000000        7.53785141508885139203188499946683800E-0006
   4350.0000000000000        5.98507337372169558013452453070029760E-0006
   4380.0000000000000        4.77711620557550125486705993594340496E-0006
   4410.0000000000000        4.39906254170303634139651806515540814E-0006
   4440.0000000000000        3.43536628936623876529333472215149022E-0006
   4470.0000000000000        2.53365229950453749908707911436020630E-0006
   4500.0000000000000        1.59615049805033649744843303169361996E-0006
   4530.0000000000000        6.74446459019543928335176024057243181E-0006
   4560.0000000000000        3.04346695165102622742488688826454956E-0005
   4590.0000000000000        7.17086747829603442585697909270826969E-0006
   4620.0000000000000        3.50933319400137913364682526169326117E-0006
   4650.0000000000000        1.30471304700780956817164678715358019E-0006
   4680.0000000000000        8.85941711272124354987260817221414222E-0006
   4710.0000000000000        7.62302060448477805268158730013173096E-0005
   4740.0000000000000        1.63279721091529956511494976069348998E-0005
   4770.0000000000000        9.38320836385310917390051980555153132E-0006
   4800.0000000000000        5.88127696518642231391368108346921648E-0006
   4830.0000000000000        1.42955757284506674125776756314687319E-0006
   4860.0000000000000        3.04038739498888114100117312331901103E-0005
   4890.0000000000000        1.11247554014725823129358037120802011E-0005
   4920.0000000000000        8.42592240157164203353495773998438493E-0006
   4950.0000000000000        7.16242512913825012183251027773751536E-0006
   4980.0000000000000        6.33249143048991245076761867625937921E-0006
   5010.0000000000000        5.67895896260941974368300502222938471E-0006
   5040.0000000000000        5.08567387974277334337704856910417520E-0006
   5070.0000000000000        4.45441740634122982333469731872798193E-0006
   5100.0000000000000        3.59844564605686021600191682191727707E-0006
   5130.0000000000000        1.69613939772170725104205815684540114E-0006
   5160.0000000000000        1.92520785594306713023993891564798376E-0005
   5190.0000000000000        6.33074499113065090051649112075210275E-0006
   5220.0000000000000        4.67818313032450580487771024576650396E-0006
   5250.0000000000000        3.38494875088956201816601440505600324E-0006
   5280.0000000000000        1.08572756641188661699093281406859844E-0006
   5310.0000000000000        4.08542014601319030182163514989334065E-0005
   5340.0000000000000        8.69732281750291539907582210433001429E-0006
   5370.0000000000000        6.37028438518795576778833226417924402E-0006
   5400.0000000000000        5.21226767447232602474257209004465777E-0006
   5430.0000000000000        3.73545306970042663940622191281108567E-0006
   5460.0000000000000        1.89234688994354913224303096623161118E-0005
   5490.0000000000000        6.59478991271518439155396207718014608E-0006
   5520.0000000000000        5.65195509529993811570793561777048183E-0006
   5550.0000000000000        5.21204662184006033874598659990602886E-0006
   5580.0000000000000        4.91445951982017887679169955164873383E-0006
   5610.0000000000000        4.82797222699614749128514161062404413E-0006
   5640.0000000000000        4.53707801312397557473301310291035973E-0006
   5670.0000000000000        4.35865287332758767330021322884751400E-0006
   5700.0000000000000        4.17505953237868047704779176975236954E-0006
   5730.0000000000000        3.89269959573433769502948887545105475E-0006
   5760.0000000000000        8.76470511674888684422285083497586152E-0006
   5790.0000000000000        4.28677680063193131974522739749433857E-0006
   5820.0000000000000        4.04650491419729334946736747291895157E-0006
   5850.0000000000000        3.88403538361467170057996692957702971E-0006
   5880.0000000000000        3.67554779314982661032075581943838975E-0006
   5910.0000000000000        1.52377477037314030312518837638139521E-0005
   5940.0000000000000        3.96422270008181242216524289917062593E-0006
   5970.0000000000000        3.79389430129385781954074769302009956E-0006
   6000.0000000000000        3.70640063876864491410612435731279869E-0006
   6030.0000000000000        3.66512333480268429906407781583469074E-0006
   6060.0000000000000        8.40542195410963498363990628933944643E-0006
   6090.0000000000000        3.39331349921640556406272286051164737E-0006
   6120.0000000000000        3.37707661923976065461400074872434538E-0006
   6150.0000000000000        3.34085344092674963619622856778516684E-0006
   6180.0000000000000        3.30522227661149175212621013614903861E-0006
   6210.0000000000000        3.39921047685169645372157848983922599E-0006
   6240.0000000000000        3.21112790060023464956785635266032015E-0006
   6270.0000000000000        3.18612548278374322767089770768266584E-0006
   6300.0000000000000        3.16708772768935273427418092397917228E-0006
   6330.0000000000000        3.17685016322733074550092539860382987E-0006
   6360.0000000000000        3.95280062881677136356451586226823196E-0006
   6390.0000000000000        2.93273101355558957002983913560988881E-0006
   6420.0000000000000        2.97798426027616422218006061724248361E-0006
   6450.0000000000000        3.00697906943000140713249381079092105E-0006
   6480.0000000000000        3.10753189609779161568067911343690571E-0006
   6510.0000000000000        5.11589744750528426243869399281612614E-0006
   6540.0000000000000        2.48476944404908673225613096906072474E-0006
   6570.0000000000000        2.63801269892733250250886760672917526E-0006
   6600.0000000000000        2.68773567622175812706458961085554173E-0006
   6630.0000000000000        2.75593700558877305856709157490501893E-0006
   6660.0000000000000        3.62221950771949564989094561980607503E-0006
   6690.0000000000000        2.36180111402428492457446209225012697E-0006
   6720.0000000000000        2.45700175064137897593705238392577441E-0006
   6750.0000000000000        2.47196011311591855567877594036565668E-0006
   6780.0000000000000        2.47165175948935590041639336125827680E-0006
   6810.0000000000000        2.50031907803443513327303469578186321E-0006
   6840.0000000000000        2.41592420706237923891409914980541737E-0006
   6870.0000000000000        2.41079107447879534605071597898277781E-0006
   6900.0000000000000        2.39853797897752919083626308087960732E-0006
   6930.0000000000000        2.38926939831810996347023460171982144E-0006
   6960.0000000000000        2.43197702440900588000360347932248413E-0006
   6990.0000000000000        2.30321629311547936846041499266334919E-0006
   7020.0000000000000        2.30697942283708890997715754911490296E-0006
   7050.0000000000000        2.29960067619398152008202789231508895E-0006
   7080.0000000000000        2.30081092274469915602291696272155214E-0006
   7110.0000000000000        2.43273626254472236554148977306497426E-0006
   7140.0000000000000        2.16404632524563843531321657734743953E-0006
   7170.0000000000000        2.17893720763454862203310040936883028E-0006
   7200.0000000000000        2.17218166256983317621085396019236585E-0006
   7230.0000000000000        2.16318731204851165333011953542176511E-0006
   7260.0000000000000        2.18815523229435121570477314292916059E-0006
   7290.0000000000000        2.11720274307791016238204729991669332E-0006
   7320.0000000000000        2.10060073557081170583780292499235394E-0006
   7350.0000000000000        2.08532498812539532093353269225303880E-0006
   7380.0000000000000        2.06910258111132579184833796209299904E-0006
   7410.0000000000000        2.05084093055926047558156430091952255E-0006
   7440.0000000000000        2.04165566369956490927974115501233481E-0006
   7470.0000000000000        2.02291887486307859375322791559932420E-0006
   7500.0000000000000        2.00599690291348725039371315297608725E-0006
   7530.0000000000000        1.98884493684348689978599496281105354E-0006
   7560.0000000000000        1.96840563162078599032258030342382974E-0006
   7590.0000000000000        1.96616773548716399082238643170290020E-0006
   7620.0000000000000        1.94423822443292305852975797382120661E-0006
   7650.0000000000000        1.92547776901011737828540454431890603E-0006
   7680.0000000000000        1.90402198146563356848557461640374228E-0006
   7710.0000000000000        1.86323719095987066350532043454193684E-0006
   7740.0000000000000        1.95430341394467039844276919853717856E-0006
   7770.0000000000000        1.89188788489800645723052151834785975E-0006
   7800.0000000000000        1.86758759574245825808209860490763863E-0006
   7830.0000000000000        1.84456651604672549249442890484342988E-0006
   7860.0000000000000        1.80389209757506890487328593048284659E-0006
   7890.0000000000000        1.90839136408972975080183741172027020E-0006
   7920.0000000000000        1.83754876311512926712161325940268412E-0006
   7950.0000000000000        1.81510322492517175104980101018928331E-0006
   7980.0000000000000        1.79738071908769281625760185522430273E-0006
   8010.0000000000000        1.77786603725566348692690886922172191E-0006
   8040.0000000000000        1.78949814265656048687169549379742142E-0006
   8070.0000000000000        1.76317910171590125848639207099210085E-0006
   8100.0000000000000        1.74844338431140406288998725036360673E-0006
   8130.0000000000000        1.73488678320407831774063754883156888E-0006
   8160.0000000000000        1.72090630829188668103416080506491329E-0006
   8190.0000000000000        1.71673832647793896871161223699669111E-0006
   8220.0000000000000        1.69965884649442323095862013031871561E-0006
   8250.0000000000000        1.68651736326983194378836771300360755E-0006
   8280.0000000000000        1.67271629867802569740738620360232144E-0006
   8310.0000000000000        1.65341614134612484657211086428222160E-0006
   8340.0000000000000        1.70718806051585663001508544647116528E-0006
   8370.0000000000000        1.65442134833517263034965347321549887E-0006
   8400.0000000000000        1.63898919244537184354062320547871340E-0006
   8430.0000000000000        1.62534971871997508914220309134044109E-0006
   8460.0000000000000        1.60834302265830968844995949437499015E-0006
   8490.0000000000000        1.66286028822211092129106515266342792E-0006
   8520.0000000000000        1.60641735414044909599010746608036757E-0006
   8550.0000000000000        1.59273755084843211962363513048622943E-0006
   8580.0000000000000        1.58137988526806378507185268414430652E-0006
   8610.0000000000000        1.57015173569320516058628924090398961E-0006
   8640.0000000000000        1.57568849399870650606962809382348833E-0006
   8670.0000000000000        1.55412453748363511056590753668719324E-0006
   8700.0000000000000        1.54413251230604634933776724619847669E-0006
   8730.0000000000000        1.53475835308689183222760295249832252E-0006
   8760.0000000000000        1.52563295725447894418382098487742403E-0006
   8790.0000000000000        1.51815535396867846766911032348802119E-0006
   8820.0000000000000        1.50822696460137262210616608134376937E-0006
   8850.0000000000000        1.49960810676899852297256802865626743E-0006
   8880.0000000000000        1.49112378685581101608951897352462724E-0006
   8910.0000000000000        1.48265057259207384119191587740084607E-0006
   8940.0000000000000        1.49333956011362947433485642831186487E-0006
   8970.0000000000000        1.46722482026181855173862529695305008E-0006
   9000.0000000000000        1.45916080168152261604821028124626794E-0006
   9030.0000000000000        1.45137843417291533848914750498796026E-0006
   9060.0000000000000        1.44392995475262371742047382827997607E-0006
   9090.0000000000000        1.45595732190140302482840296938414088E-0006
   9120.0000000000000        1.42758533624819601616197059558877363E-0006
   9150.0000000000000        1.42052162019976412073301122915219963E-0006
   9180.0000000000000        1.41337875097792318304006297027248711E-0006
   9210.0000000000000        1.40641444174222868298455691273193354E-0006
   9240.0000000000000        1.40457902488033127674457525213643688E-0006
   9270.0000000000000        1.39139167057949645131864376003827126E-0006
   9300.0000000000000        1.38473280224557066381108827307845663E-0006
   9330.0000000000000        1.37798632578399462824879008577521788E-0006
   9360.0000000000000        1.37129213765043824884109762861589484E-0006
   9390.0000000000000        1.36475245754564463585803531457961177E-0006
   9420.0000000000000        1.35810996341949342289267651126717143E-0006
   9450.0000000000000        1.35168584052569604601073277336403188E-0006
   9480.0000000000000        1.34539001311604555412636576045712486E-0006
   9510.0000000000000        1.33935745700084811914162025739466578E-0006
   9540.0000000000000        1.33656267597578106498517895243960279E-0006
   9570.0000000000000        1.32546106209719839225443115540277942E-0006
   9600.0000000000000        1.31992568331282861390150156235811923E-0006
   9630.0000000000000        1.31418622300398615615419798851388304E-0006
   9660.0000000000000        1.30869280240221826769065241856943395E-0006
   9690.0000000000000        1.30666359966086512441912185521274433E-0006
   9720.0000000000000        1.29476833388832984166291717143895841E-0006
   9750.0000000000000        1.28986787270846589992603648406718269E-0006
   9780.0000000000000        1.28447792582395189031785796951692196E-0006
   9810.0000000000000        1.27912048136489024692050478286766923E-0006
   9840.0000000000000        1.27476762879503864694628180329622939E-0006
   9870.0000000000000        1.26733401624312950539880315249945168E-0006
   9900.0000000000000        1.26228922596305496242586531976616462E-0006
   9930.0000000000000        1.25705965244740963380108762986417679E-0006
   9960.0000000000000        1.25184352485103221050056831572437662E-0006
   9990.0000000000000        1.24667205131940406055990724997760532E-0006
   10020.000000000000        1.24155558804739418375692405538052332E-0006
   10050.000000000000        1.23650020442048602565907992513681128E-0006
   10080.000000000000        1.23151404366528943333533797765077252E-0006
   10110.000000000000        1.22662316045487788868610085562845422E-0006
   10140.000000000000        1.22211520591107112577458237600347550E-0006
   10170.000000000000        1.21641639323917112873778985918486955E-0006
   10200.000000000000        1.21185254856584129552597606099057282E-0006
   10230.000000000000        1.20720290171669825987064557895531934E-0006
   10260.000000000000        1.20262885016284282735098830234675956E-0006
   10290.000000000000        1.19846797859804448399691275493127481E-0006
   10320.000000000000        1.19277995129933523566009568031788304E-0006
   10350.000000000000        1.18859134574276986730761077574974577E-0006
   10380.000000000000        1.18421480534964910005865753812046955E-0006
   10410.000000000000        1.17986614236065512154220078227915261E-0006
   10440.000000000000        1.17566359267537291776022231583275656E-0006
   10470.000000000000        1.17098474514825543096898391762039994E-0006
   10500.000000000000        1.16686375614644385665910847380871062E-0006
   10530.000000000000        1.16269239325238440144937668670915862E-0006
   10560.000000000000        1.15855495533008734454651297105324599E-0006
   10590.000000000000        1.15446166017985487981122369915185328E-0006
   10620.000000000000        1.15040963753779345942347992604327196E-0006
   10650.000000000000        1.14640894589111322269288318097720614E-0006
   10680.000000000000        1.14245439119006640073220254086571550E-0006
   10710.000000000000        1.13854833556416138577711299952652387E-0006
   10740.000000000000        1.13470342543403203627201841042417725E-0006
   10770.000000000000        1.13080842598557230058203680752433494E-0006
   10800.000000000000        1.12706604584097745880779746376166385E-0006
   10830.000000000000        1.12334305314863269381704697533845461E-0006
   10860.000000000000        1.11966355853846011262495161122911788E-0006
   10890.000000000000        1.11604147430913005367581671105311850E-0006
   10920.000000000000        1.11235492959548410652795342378894754E-0006
   10950.000000000000        1.10883957326868096503426762102437368E-0006
   10980.000000000000        1.10533188652415884964105182831504999E-0006
   11010.000000000000        1.10186267727174432718377570810513299E-0006
   11040.000000000000        1.09843625673458577956221187746601747E-0006
   11070.000000000000        1.09502763547153070733146719843045776E-0006
   11100.000000000000        1.09168826574995390113170903126838546E-0006
   11130.000000000000        1.08838020321309556450167124682183117E-0006
   11160.000000000000        1.08511089919526738599467468550720253E-0006
   11190.000000000000        1.08188054136664122796451680911435207E-0006
   11220.000000000000        1.07868899189832316786205036483769329E-0006
   11250.000000000000        1.07553569163653146439840298241529110E-0006
   11280.000000000000        1.07242044043630522351223198395864008E-0006
   11310.000000000000        1.06934278276376804162511341921921371E-0006
   11340.000000000000        1.06630203674065255237821608840923411E-0006
   11370.000000000000        1.06330337487322945383088367029442983E-0006
   11400.000000000000        1.06033366528387346115300445525123308E-0006
   11430.000000000000        1.05740281191355063594834776907200359E-0006
   11460.000000000000        1.05450778109231800344000282378744249E-0006
   11490.000000000000        1.05164720411431940398957839387330678E-0006
   11520.000000000000        1.04884196285710405742910858324626096E-0006
   11550.000000000000        1.04603976574180946859596456629888314E-0006
   11580.000000000000        1.04328442580135302357800430732036643E-0006
   11610.000000000000        1.04056382500435160961238134961898114E-0006
   11640.000000000000        1.03787675194308360763821557921524581E-0006
   11670.000000000000        1.03523810554098484731798448078127429E-0006
   11700.000000000000        1.03260772326614350753028988473030502E-0006
   11730.000000000000        1.03002091252517014046493192787910708E-0006
   11760.000000000000        1.02746718482349262550777298966858165E-0006
   11790.000000000000        1.02494594805707589209644108631085269E-0006
   11820.000000000000        1.02245815340048634516586001511580502E-0006
   11850.000000000000        1.01999988932406923270948909553854605E-0006
   11880.000000000000        1.01757426168337541505968932617922746E-0006
   11910.000000000000        1.01517994910672884798886628151965656E-0006
   11940.000000000000        1.01281665838874445720897903485612780E-0006
   11970.000000000000        1.01048668760388001965985748368396384E-0006
   12000.000000000000        1.00818218106827284862780358781408575E-0006
   12030.000000000000        1.00591040743679500238646778520435071E-0006
   12060.000000000000        1.00366865833846326102061760819491474E-0006
   12090.000000000000        1.00145675830101479378820487117036281E-0006
   12120.000000000000        9.99282186436497735709806986924231664E-0007
   12150.000000000000        9.97120241443937875008096624273114100E-0007
   12180.000000000000        9.94996170873477943324250649137789962E-0007
   12210.000000000000        9.92900812080812998162985344844254271E-0007
   12240.000000000000        9.90834137932951113549511962954864168E-0007
   12270.000000000000        9.88800803521181683536944346183220708E-0007
   12300.000000000000        9.86784073038490919533249406810929100E-0007
   12330.000000000000        9.84801832417090015803677706239107859E-0007
   12360.000000000000        9.82847089326668397629448742714455561E-0007
   12390.000000000000        9.80919813034721233821125486513808668E-0007
   12420.000000000000        9.79020362314051560180389657437785832E-0007
   12450.000000000000        9.77146597848256954249529119713743874E-0007
   12480.000000000000        9.75300574352270237671445321645009694E-0007
   12510.000000000000        9.73481207715371686186971573281089023E-0007
   12540.000000000000        9.71688358305322785209725926046594005E-0007
   12570.000000000000        9.69922187112209610628716879850004413E-0007
   12600.000000000000        9.68181174254883725668044440804742248E-0007
   12630.000000000000        9.66466773617979789752780091446370326E-0007
   12660.000000000000        9.64778136019971736012070733967456864E-0007
   12690.000000000000        9.63115195758729983534934251817851861E-0007
   12720.000000000000        9.61479052433344207534165840415008816E-0007
   12750.000000000000        9.59864137769069853182485526190379195E-0007
   12780.000000000000        9.58277189484833984393919991441397828E-0007
   12810.000000000000        9.56714953444003886689056224291632335E-0007
   12840.000000000000        9.55177528422302275920023310321334743E-0007
   12870.000000000000        9.53665616308397669286121344794390953E-0007
   12900.000000000000        9.52175232725802890276260559242414133E-0007
   12930.000000000000        9.50711393721345413809370287337424674E-0007
   12960.000000000000        9.49271491987752684010782435994757296E-0007
   12990.000000000000        9.47855588534733797187171187839421281E-0007
   13020.000000000000        9.46463686778094555993601758794408264E-0007
   13050.000000000000        9.45095073947982280836896876813061018E-0007
   13080.000000000000        9.43750444040757818059484464506972747E-0007
   13110.000000000000        9.42429249061045262324257247491779597E-0007
   13140.000000000000        9.41131401305112854563317020386308628E-0007
   13170.000000000000        9.39856804488627083225804204504357028E-0007
   13200.000000000000        9.38605196092995065659824820808551318E-0007
   13230.000000000000        9.37376664450364864707083576305928809E-0007
   13260.000000000000        9.36170981947271972955332636593135081E-0007
   13290.000000000000        9.34988056918412026523485882065724013E-0007
   13320.000000000000        9.33827909367754864857596361310738096E-0007
   13350.000000000000        9.32689602574733809695057181184629057E-0007
   13380.000000000000        9.31574324230890127998970252295179745E-0007
   13410.000000000000        9.30481236526677097431249752836879931E-0007
   13440.000000000000        9.29410335845156093148613625785171012E-0007
   13470.000000000000        9.28361622464450214103745042122683685E-0007
   13500.000000000000        9.27334361254874729406097553316231646E-0007
   13530.000000000000        9.26329512090465528520556424647940405E-0007
   13560.000000000000        9.25346349109360653767322759606196247E-0007
   13590.000000000000        9.24384869580243537796535530967369718E-0007
   13620.000000000000        9.23445007248880507099751181283830244E-0007
   13650.000000000000        9.22526556292743761521655794085973755E-0007
   13680.000000000000        9.21629639154081929674590557614165383E-0007
   13710.000000000000        9.20754039990648507917295261009114149E-0007
   13740.000000000000        9.19899697043128540160587019932881423E-0007
   13770.000000000000        9.19066532825291135909976219573803124E-0007
   13800.000000000000        9.18254460735261182506135517247197897E-0007
   13830.000000000000        9.17463420724689893555091997666183707E-0007
   13860.000000000000        9.16693328206028767532196707616153649E-0007
   13890.000000000000        9.15944114047189858676670958636032274E-0007
   13920.000000000000        9.15215717336925188025749778167200088E-0007
   13950.000000000000        9.14507975644073269835718540603037970E-0007
   13980.000000000000        9.13821007292538125348883988481553151E-0007
   14010.000000000000        9.13154619399764220488249936614473942E-0007
   14040.000000000000        9.12508775630622035196634688192702741E-0007
   14070.000000000000        9.11883424408932410467428059757630529E-0007
   14100.000000000000        9.11278427602363058973434655978284538E-0007
   14130.000000000000        9.10693895657978498628550728962635467E-0007
   14160.000000000000        9.10129651750536131183536716830290748E-0007
   14190.000000000000        9.09585669648206237533504584799107395E-0007
   14220.000000000000        9.09061901986784067757706523751340870E-0007
   14250.000000000000        9.08558282847624939694452460578507297E-0007
   14280.000000000000        9.08074805059351262092882088086087766E-0007
   14310.000000000000        9.07611393586112036117006812420830986E-0007
   14340.000000000000        9.07168012684598772596458589701001618E-0007
   14370.000000000000        9.06744621910467633301319732689110096E-0007
   14400.000000000000        9.06341182120520298662206388175398113E-0007
   14430.000000000000        9.05957656770328325094085615722519911E-0007
   14460.000000000000        9.05594010154553865549145937145138170E-0007
   14490.000000000000        9.05250209019151312233723289582732373E-0007
   14520.000000000000        9.04926222122133905714688623504087519E-0007
   14550.000000000000        9.04622011182580759577077454890868441E-0007
   14580.000000000000        9.04337569408274548606951301394163457E-0007
   14610.000000000000        9.04072852581449427366677428411339846E-0007
   14640.000000000000        9.03827841361444034565451603964183390E-0007
   14670.000000000000        9.03602513702731436509257085188270333E-0007
   14700.000000000000        9.03396840322790656768542342373580234E-0007
   14730.000000000000        9.03210825277618408391318613758265014E-0007
   14760.000000000000        9.03044430882638388537981256243600685E-0007
   14790.000000000000        9.02897647916998877519571478711603719E-0007
   14820.000000000000        9.02770463140354848540039342664137448E-0007
   14850.000000000000        9.02662862291304348441167764229303831E-0007
   14880.000000000000        9.02574843028862426022681026787540366E-0007
   14910.000000000000        9.02506390200043416137896467196039585E-0007
   14940.000000000000        9.02457499765753866521341680102775840E-0007
   14970.000000000000        9.02428167287797616952479929524514517E-0007
