   0.0000000000000000        1.03245348965451981288341970486099636E-0028
   30.000000000000000        3.49679328478314523995846759339691437E-0009
   60.000000000000000        7.47710341680756213361821859884163667E-0008
   90.000000000000000        6.74544154095043911337824817852762450E-0007
   120.00000000000000        6.88632465755571930836564961194315535E-0006
   150.00000000000000        6.45755210116815617667693181546084838E-0003
   180.00000000000000        3.50966118782920905470487214528823708E-0005
   210.00000000000000        1.48637706739377061639631258027189793E-0005
   240.00000000000000        1.10296254144825173833922723451819664E-0005
   270.00000000000000        9.74125077707776593592596400147587697E-0006
   300.00000000000000        1.02843418229244334533394516133470585E-0028
   330.00000000000000        2.10358046488303670746055340031276586E-0005
   360.00000000000000        2.79899983754617394663219876778459595E-0005
   390.00000000000000        5.02940484608034491759199451466057474E-0005
   420.00000000000000        1.49931373068794459396545997845311784E-0004
   450.00000000000000        7.36136437523453042388838469528838999E-0003
   480.00000000000000        1.94337197281891295622144069608952785E-0004
   510.00000000000000        3.19539711964513374127467169390328755E-0005
   540.00000000000000        9.25776705737460139938679227843266047E-0006
   570.00000000000000        2.51750390622338557524772480242868631E-0006
   600.00000000000000        1.02489013318742792908008709460215754E-0028
   630.00000000000000        5.08635747316421544660905058841605965E-0008
   660.00000000000000        2.68272255667602444926850350455756032E-0006
   690.00000000000000        1.51723714596605659610238623048615882E-0005
   720.00000000000000        8.97629300288480983850945059070875439E-0005
   750.00000000000000        3.45875177099636311793669975823112494E-0003
   780.00000000000000        5.72199989672958366426915244541883893E-0004
   810.00000000000000        1.44760499040563147566468101279097857E-0004
   840.00000000000000        7.71367622074241977950804297226168872E-0005
   870.00000000000000        4.72796578337454209933528740467782332E-0005
   900.00000000000000        1.02054898473093641587571712843027372E-0028
   930.00000000000000        1.68804309153346423061850729469794915E-0004
   960.00000000000000        1.44729566241953939075883157360588475E-0004
   990.00000000000000        2.03235007430951611864332097111283843E-0004
   1020.0000000000000        4.58424669993106468972952356331193776E-0004
   1050.0000000000000        5.13932680634437218626812187166177607E-0003
   1080.0000000000000        1.17095783852348759682194330833497789E-0003
   1110.0000000000000        1.32606137730243190873311723883955949E-0004
   1140.0000000000000        3.41949276554583216523587377855486280E-0005
   1170.0000000000000        8.95130778822711088676249282322836831E-0006
   1200.0000000000000        1.02399588241100928115232547491718839E-0028
   1230.0000000000000        2.65440017320391438605509299902897707E-0006
   1260.0000000000000        4.50270310627434750060271388978435354E-0007
   1290.0000000000000        9.44577999793655350683640876796448479E-0006
   1320.0000000000000        6.24324031193196964759122656750636559E-0005
   1350.0000000000000        1.06306849004784454140254381036884711E-0003
   1380.0000000000000        1.06513153750082548688269535860234943E-0003
   1410.0000000000000        1.76048615071246539349543577631426261E-0004
   1440.0000000000000        7.90702319308393052994483785274606696E-0005
   1470.0000000000000        3.97003254068699796135790780648604151E-0005
   1500.0000000000000        1.02228856032508278957454730853717604E-0028
   1530.0000000000000        3.27629229719174816880075782016209645E-0004
   1560.0000000000000        1.69778645221796182112228819770808134E-0004
   1590.0000000000000        1.97443886861281063418539108996824482E-0004
   1620.0000000000000        3.65773530134065831859514734288621026E-0004
   1650.0000000000000        2.06331842931877690624065436563262749E-0003
   1680.0000000000000        2.34060166787531663143815161919114317E-0003
   1710.0000000000000        1.56671351228533256971889652425007939E-0004
   1740.0000000000000        3.53510595055844279412474258833347331E-0005
   1770.0000000000000        8.50968642426522290392965272818814226E-0006
   1800.0000000000000        1.01987618736390603194032516759162741E-0028
   1830.0000000000000        1.85116485521308119313139055830292271E-0005
   1860.0000000000000        7.28017874835590047191669610391776610E-0007
   1890.0000000000000        7.66068039500588190919789910566173239E-0007
   1920.0000000000000        1.19990714967959903653486444353335415E-0005
   1950.0000000000000        1.57280105462796260825295722363542252E-0004
   1980.0000000000000        8.79334493976138797090984724593289422E-0004
   2010.0000000000000        7.57664293047689030681283445096713850E-0005
   2040.0000000000000        2.87821578488941957365843942904446477E-0005
   2070.0000000000000        1.21802050746037591573179080560558393E-0005
   2100.0000000000000        1.01725346002858363232541013664634423E-0028
   2130.0000000000000        3.24267208631307780262133013089856824E-0004
   2160.0000000000000        7.31629579755806491546002721589878847E-0005
   2190.0000000000000        6.88139878858522606647443198966535196E-0005
   2220.0000000000000        1.05279951378316875772004888343484848E-0004
   2250.0000000000000        3.77454058011905828619486969206604925E-0004
   2280.0000000000000        2.50094481874110286882766417299285587E-0003
   2310.0000000000000        6.31683491410838873460209470267205821E-0005
   2340.0000000000000        1.17409831443202945033051893221174705E-0005
   2370.0000000000000        2.46327393640614433621158017081410739E-0006
   2400.0000000000000        1.01473546074172069323822241703869941E-0028
   2430.0000000000000        3.57286129976354509346898805898873221E-0005
   2460.0000000000000        1.18563894528714240585710286513058443E-0006
   2490.0000000000000        5.90352469553330825920405975940274741E-0008
   2520.0000000000000        3.21856955148833704718228863080976075E-0007
   2550.0000000000000        6.05456681399489688306667002663935501E-0006
   2580.0000000000000        3.86466816471755174652636149018178166E-0004
   2610.0000000000000        7.67499539945959720023828164546549928E-0006
   2640.0000000000000        2.29262130053196060183654723632595195E-0006
   2670.0000000000000        7.71067755733258071107236850283095457E-0007
   2700.0000000000000        1.01119600154974008350896310048956283E-0028
   2730.0000000000000        1.92342042479051588515778692769021431E-0004
   2760.0000000000000        4.80036851272400305641294848943294047E-0006
   2790.0000000000000        3.02507783545307546077268790053485774E-0006
   2820.0000000000000        3.16217587301859260209038579715040389E-0006
   2850.0000000000000        6.31241905374378692210154259379342950E-0006
   2880.0000000000000        1.62359642292014482149572219748215934E-0003
   2910.0000000000000        9.67472568801408899727825443872963525E-0007
   2940.0000000000000        7.18269108737654294226756571470304584E-0008
   2970.0000000000000        3.70811072198553788693048254067360765E-0009
   3000.0000000000000        1.00990920229634263977863538194612481E-0028
   3030.0000000000000        3.32916781259398130420458231474761979E-0005
   3060.0000000000000        2.66244491558766284591383807920803397E-0008
   3090.0000000000000        1.20568821742566671634011324106962083E-0008
   3120.0000000000000        5.67188094205486615217767615592410587E-0010
   3150.0000000000000        5.68889249229086672613324900204849991E-0008
   3180.0000000000000        8.86016234017283579416286724189460857E-0005
   3210.0000000000000        8.94102003049911287099993233368999222E-0007
   3240.0000000000000        3.55440009088368751762237146373833624E-0007
   3270.0000000000000        1.63890335865428739516384342112865720E-0007
   3300.0000000000000        1.00663428574301071472117568554699633E-0028
   3330.0000000000000        7.16286216607719530973134111720264598E-0005
   3360.0000000000000        5.87873335507890148357720886748514808E-0006
   3390.0000000000000        4.41988801543663755592224370202474827E-0006
   3420.0000000000000        6.30822375420028352237596741097239447E-0006
   3450.0000000000000        1.64761865680356444024241528310374453E-0005
   3480.0000000000000        6.65699802111873229806219896858212522E-0004
   3510.0000000000000        1.90027425520827012855947510846699326E-0005
   3540.0000000000000        2.75025182605721668729700576660696306E-0006
   3570.0000000000000        5.59307963204803940320433497194895745E-0007
   3600.0000000000000        1.00032160449440011136555965445826175E-0028
   3630.0000000000000        1.74114424877216383446335648532307096E-0005
   3660.0000000000000        3.00413838153471904662616204450104693E-0006
   3690.0000000000000        7.40665839184781228836475009926791788E-0007
   3720.0000000000000        2.20006009928817880355280555152371682E-0007
   3750.0000000000000        9.99108513179923211594880564685145915E-0029
   3780.0000000000000        8.27177469871644716837647428253088669E-0006
   3810.0000000000000        3.17127969091682842560991325336125425E-0006
   3840.0000000000000        9.13271420640231568435831635316603955E-0007
   3870.0000000000000        3.35636894763906780326731065125877084E-0007
   3900.0000000000000        9.96485756815228117720952467616404256E-0029
   3930.0000000000000        1.66260987245039046964687181835740032E-0005
   3960.0000000000000        1.58558122786695123229497689971166318E-0005
   3990.0000000000000        7.77699484945227604859575209792150681E-0006
   4020.0000000000000        8.75373477174915086333999278151424283E-0006
   4050.0000000000000        1.73557614778928552167650216119916014E-0005
   4080.0000000000000        1.70492975791620002647869561043671726E-0004
   4110.0000000000000        3.85878522594260499321124353551930738E-0005
   4140.0000000000000        3.67347893138268200363878380698067856E-0006
   4170.0000000000000        6.13577926195479176857464029469306181E-0007
   4200.0000000000000        9.94655633511202848871461219259912935E-0029
   4230.0000000000000        5.25931763932446862831624176777306897E-0006
   4260.0000000000000        6.27558956803430974363216531450468628E-0006
   4290.0000000000000        1.19430243349335621100667758717905750E-0006
   4320.0000000000000        4.76060422865626245087469909810938446E-0007
   4350.0000000000000        1.68940685252752384294862956736234337E-0007
   4380.0000000000000        4.48318576500344007729829564769581906E-0008
   4410.0000000000000        1.13318015888204028798821325645558613E-0006
   4440.0000000000000        3.04759117506431445275178367928055301E-0007
   4470.0000000000000        1.08512199626944295171689813398696614E-0007
   4500.0000000000000        9.89584370363709042032614331687886887E-0029
   4530.0000000000000        2.25560712593415524425131616474264172E-0006
   4560.0000000000000        1.11775233299971841735006938421365432E-0005
   4590.0000000000000        3.32076622567235459085158274462380637E-0006
   4620.0000000000000        3.10996957663425088766642292069831222E-0006
   4650.0000000000000        5.06475625380528095501976740893404744E-0006
   4680.0000000000000        2.53103399577356683998002797093076334E-0005
   4710.0000000000000        2.79178712964223309258824283096480001E-0005
   4740.0000000000000        1.50839219197099646065995150415982386E-0006
   4770.0000000000000        2.09605365666053012002271248690227122E-0007
   4800.0000000000000        9.83813892821388093415517554459644167E-0029
   4830.0000000000000        8.52365730317950476398551479323519493E-0007
   4860.0000000000000        5.18058239835017328857764889831940491E-0006
   4890.0000000000000        5.72470850413237739283852014834459574E-0007
   4920.0000000000000        2.31214217360777184264683781919895288E-0007
   4950.0000000000000        1.25160639173704153637368166205582845E-0007
   4980.0000000000000        7.59665351737294126569387585818221662E-0008
   5010.0000000000000        4.75012213468276156962487606721195193E-0008
   5040.0000000000000        2.76961863907987174250076759978133549E-0008
   5070.0000000000000        1.12512374405408036553915560551926180E-0008
   5100.0000000000000        9.79650386125860084640193397694059015E-0029
   5130.0000000000000        1.46851157909090901003178399609502774E-0007
   5160.0000000000000        4.01289956826871734758203146224482990E-0006
   5190.0000000000000        5.14699135354862007499870062111248435E-0007
   5220.0000000000000        3.92881462006414900160357244678691800E-0007
   5250.0000000000000        5.29713885861712231463148199758091552E-0007
   5280.0000000000000        1.68857569634198330724851654102768675E-0006
   5310.0000000000000        1.10815569168690664847601145467077225E-0005
   5340.0000000000000        2.13453560227054358272649889147475995E-0007
   5370.0000000000000        2.35931319948574319176926789685959097E-0008
   5400.0000000000000        9.74898008438565626879926153659726608E-0029
   5430.0000000000000        5.22459056966217435451472970363901417E-0008
   5460.0000000000000        2.34076276124595760582114879917963185E-0006
   5490.0000000000000        7.60772841404340199284029977338397540E-0008
   5520.0000000000000        2.64510337083403034775774401552189268E-0008
   5550.0000000000000        1.45701631816625374761844130853137929E-0008
   5580.0000000000000        1.26751515315131495291688027911752731E-0008
   5610.0000000000000        3.31142914237763675933848316845561807E-0008
   5640.0000000000000        2.20863166717351356820521739052569481E-0010
   5670.0000000000000        1.88446347216967353263209255583536764E-0010
   5700.0000000000000        9.69794318896344029833418223152110300E-0029
   5730.0000000000000        1.76885582020043495519852802118014895E-0009
   5760.0000000000000        8.46035799688191483263761444936026937E-0007
   5790.0000000000000        1.02279602528811514397055646844787912E-0008
   5820.0000000000000        5.11489690577252354565593662114011714E-0009
   5850.0000000000000        4.50975222863109332074590750644019847E-0009
   5880.0000000000000        7.45208543228993352597663289575514087E-0009
   5910.0000000000000        2.70960248680274814827578668691808277E-0006
   5940.0000000000000        5.94057201715261577589568779894020410E-0010
   5970.0000000000000        1.45009457748561879579914420843422006E-0011
   6000.0000000000000        9.65291492966925158350452045550306333E-0029
   6030.0000000000000        2.60369861422097766470379075679972166E-0011
   6060.0000000000000        6.42737680077895586150195447457769336E-0007
   6090.0000000000000        9.43329442000250496734926750461487516E-0010
   6120.0000000000000        5.57701598992766151759481505318385970E-0010
   6150.0000000000000        5.34262785244909187717055108415563106E-0010
   6180.0000000000000        7.87008861211177675350011429481350755E-0010
   6210.0000000000000        4.69686448522836914673038912817597143E-0008
   6240.0000000000000        1.21158462124600781985980537479862410E-0011
   6270.0000000000000        5.29905439333853884557719803003148093E-0012
   6300.0000000000000        9.59985304321446099791730211730995731E-0029
   6330.0000000000000        2.10136125407364407612596937037608709E-0010
   6360.0000000000000        1.07651042270599435706397578142911333E-0007
   6390.0000000000000        6.92714385050488673528689603837709971E-0009
   6420.0000000000000        4.36580586126259540613941984672729449E-0009
   6450.0000000000000        5.59308631430337917602169568435601203E-0009
   6480.0000000000000        1.31422869768800513936393338460858240E-0008
   6510.0000000000000        4.21384766368236362382894433529330262E-0007
   6540.0000000000000        1.11675437809816842737349487540439554E-0008
   6570.0000000000000        9.24981733699604066115856693137576104E-0010
   6600.0000000000000        9.55179566273836737800882700433464872E-0029
   6630.0000000000000        1.41495624293789217535377692924835261E-0009
   6660.0000000000000        1.10591036300333062213802728884476250E-0007
   6690.0000000000000        1.48924251770115652808514009125161152E-0008
   6720.0000000000000        4.18266807552478553546858659681043736E-0009
   6750.0000000000000        2.57631976170590000608457344714420056E-0009
   6780.0000000000000        2.65687296616705765704680405376220824E-0009
   6810.0000000000000        1.60517650215449182272509072139761723E-0008
   6840.0000000000000        3.60943748150321551692289016586682327E-0010
   6870.0000000000000        4.86166175701612824713065300077786601E-0013
   6900.0000000000000        9.49616474822751746302779149822581112E-0029
   6930.0000000000000        7.46792229677898797451339951927159017E-0011
   6960.0000000000000        7.94791557340821865397029642551631196E-0009
   6990.0000000000000        5.90105438904072663758169587070310589E-0009
   7020.0000000000000        2.55077672798286912110049958560550383E-0009
   7050.0000000000000        2.66637805514641471131589087845657968E-0009
   7080.0000000000000        4.86822415411886821658087211478298038E-0009
   7110.0000000000000        4.09841293007598825900545565782080239E-0008
   7140.0000000000000        8.17015219859258890454155579928529130E-0009
   7170.0000000000000        4.41982603132106034497222279123743272E-0010
   7200.0000000000000        9.43285838865215917190390639730022908E-0029
   7230.0000000000000        4.35146495435986817608635262482154157E-0010
   7260.0000000000000        1.16793632173592419213028973038015911E-0008
   7290.0000000000000        9.75819769636239261890835347441345032E-0009
   7320.0000000000000        1.79627930979813723787810376012820015E-0009
   7350.0000000000000        9.49802536406579150507350593507628705E-0010
   7380.0000000000000        8.52170023072799560665228249225614689E-0010
   7410.0000000000000        2.47801339610958299738641772465471108E-0009
   7440.0000000000000        4.50596963435208307215298029165167402E-0010
   7470.0000000000000        4.49595842378793517701305945723398494E-0012
   7500.0000000000000        9.39361647189028820290422782530596470E-0029
   7530.0000000000000        3.65618691269753067430859843289135890E-0012
   7560.0000000000000        2.97989308240575704950441935924784466E-0010
   7590.0000000000000        1.33267061058359543732808249855009689E-0009
   7620.0000000000000        3.72694358759301965993977799676764789E-0010
   7650.0000000000000        3.37806614728360753829301396359657126E-0010
   7680.0000000000000        5.19538849516747173411363635196868085E-0010
   7710.0000000000000        2.29522044557352129330020171278807466E-0009
   7740.0000000000000        2.23401506623975933243205513456852999E-0009
   7770.0000000000000        6.76887185155413155841976451027879610E-0011
   7800.0000000000000        9.34798542224201403805432322752133292E-0029
   7830.0000000000000        4.54694565166571420815837848185494303E-0011
   7860.0000000000000        6.83541818276680395332906569264994834E-0010
   7890.0000000000000        2.78851899747269028387532215943861611E-0009
   7920.0000000000000        2.69373103563008190605355287082711358E-0010
   7950.0000000000000        1.19986999752429171709274885728795321E-0010
   7980.0000000000000        9.33505699919477209513766077277755072E-0011
   8010.0000000000000        1.75634440697603372165046303394509642E-0010
   8040.0000000000000        1.92385591665953164119092287660136841E-0010
   8070.0000000000000        1.47015199503285267172952862686243670E-0012
   8100.0000000000000        9.29164357258846429137333675765834928E-0029
   8130.0000000000000        6.33061728550707601115047579756294214E-0015
   8160.0000000000000        3.82258532741416482110949584365151571E-0012
   8190.0000000000000        1.38261585798149409488506776273392247E-0010
   8220.0000000000000        1.86129686156780346600781879360463140E-0011
   8250.0000000000000        1.46796602560861804164049626570057015E-0011
   8280.0000000000000        1.93841393879966174825681479791585723E-0011
   8310.0000000000000        5.61359607858597947507343071660975570E-0011
   8340.0000000000000        3.39065990318008154007359279394954364E-0010
   8370.0000000000000        3.52859708434573219658493894991603177E-0012
   8400.0000000000000        9.24576560639593232447505703342683667E-0029
   8430.0000000000000        1.52616420131410787158226722881735381E-0012
   8460.0000000000000        1.49878903339214767970382260184163087E-0011
   8490.0000000000000        4.60027237301531424861940372119408420E-0010
   8520.0000000000000        1.16709149798948969861347624284456978E-0011
   8550.0000000000000        4.04038115815441014344083548528797349E-0012
   8580.0000000000000        2.56554683057666133793610648870830622E-0012
   8610.0000000000000        3.31148310859193053612686395860990117E-0012
   8640.0000000000000        4.18646761436486534775861692803193060E-0011
   8670.0000000000000        6.64813748106466313351867283441022521E-0014
   8700.0000000000000        9.19409376006362132022806482062749067E-0029
   8730.0000000000000        1.10959278118185543820594644299858980E-0015
   8760.0000000000000        2.06403209303489640408264753054649191E-0015
   8790.0000000000000        6.50994247236679133305946886478108690E-0012
   8820.0000000000000        8.87493510610221442529289217647304047E-0014
   8850.0000000000000        4.90192948167219679148064620700420720E-0014
   8880.0000000000000        4.16342722134804784789185260984629172E-0014
   8910.0000000000000        5.73007196325791664992154545950851067E-0014
   8940.0000000000000        3.17679346026604465532240012098879062E-0011
   8970.0000000000000        1.04716675791986547758413774819885422E-0015
   9000.0000000000000        9.13801876258507982068763194753492368E-0029
   9030.0000000000000        3.86185137461177311810300056583833088E-0016
   9060.0000000000000        1.28745474902383857814381340001600670E-0014
   9090.0000000000000        4.77888201121845061586855331019100650E-0011
   9120.0000000000000        1.06961666922620471264665867112342239E-0013
   9150.0000000000000        5.26799653103716468506356324430639756E-0014
   9180.0000000000000        4.86278730471329126220987313908595063E-0014
   9210.0000000000000        7.91418926986676843383965459599095336E-0014
   9240.0000000000000        5.32830249301811433126516477148380151E-0012
   9270.0000000000000        9.06753739321130489511462235903576882E-0015
   9300.0000000000000        9.10590307288532341622344499750975434E-0029
   9330.0000000000000        6.40060310649539726076714877756709597E-0016
   9360.0000000000000        6.10656499718171287276515038707919869E-0016
   9390.0000000000000        7.45324170578568565043768972414974641E-0014
   9420.0000000000000        2.32249129574997334125499329409571385E-0014
   9450.0000000000000        2.17346407055854508238831153281703543E-0014
   9480.0000000000000        3.21243235640619350173551539824883377E-0014
   9510.0000000000000        7.52256821050034404113707619305488548E-0014
   9540.0000000000000        1.88453910282584949644292747652693038E-0012
   9570.0000000000000        3.42494664324786725065802405631442910E-0014
   9600.0000000000000        9.06435760881955938988044930907955050E-0029
   9630.0000000000000        1.02552766096878159749506172163795031E-0014
   9660.0000000000000        7.55566133022734904092092707056886820E-0014
   9690.0000000000000        3.19444687637094477812786536011674574E-0012
   9720.0000000000000        3.96424155924397669279606050760111287E-0013
   9750.0000000000000        1.01284936838585438405585725196830625E-0013
   9780.0000000000000        6.11855086522295036327020993726752325E-0014
   9810.0000000000000        6.52895963507218391881938224836987472E-0014
   9840.0000000000000        4.14641422832851832104695728628239289E-0013
   9870.0000000000000        1.23605078789398980310684986999011796E-0014
   9900.0000000000000        9.01737422092850056794883065666190711E-0029
   9930.0000000000000        6.28510325445425242759553631487782276E-0016
   9960.0000000000000        1.26049516151163863982001115188690654E-0015
   9990.0000000000000        1.76139767414497016277464685890189471E-0015
   10020.000000000000        2.29524538972081393840456211216840999E-0015
   10050.000000000000        3.08142697536055892465619448651189858E-0015
   10080.000000000000        4.63873438867263867707615043990228546E-0015
   10110.000000000000        9.35972734600721146002152973844638873E-0015
   10140.000000000000        6.90299682433215045848143899513965484E-0014
   10170.000000000000        9.25676374440904497321555457199624416E-0015
   10200.000000000000        8.98147366362099501428175919160866561E-0029
   10230.000000000000        1.51237832008604087046049526996249320E-0015
   10260.000000000000        8.87204559903366215893767111820234683E-0015
   10290.000000000000        1.33865902179406471601722383032492349E-0013
   10320.000000000000        9.89443557416940168263219522217814004E-0014
   10350.000000000000        1.61430153214951078056136627677637404E-0014
   10380.000000000000        8.08245871209418899661240912980633255E-0015
   10410.000000000000        7.03745434991826332440047869033505111E-0015
   10440.000000000000        1.93171037765821835989947710879866249E-0014
   10470.000000000000        3.17913360742582504137775077930894578E-0015
   10500.000000000000        8.93105503032941519159212122988957263E-0029
   10530.000000000000        1.01744917217826856235291730094397724E-0016
   10560.000000000000        2.33094575870376683051210094268071291E-0016
   10590.000000000000        7.07045918463409083187200148799258627E-0016
   10620.000000000000        2.28213456317426928678456328051448907E-0017
   10650.000000000000        7.01660808758908049025993691313164134E-0017
   10680.000000000000        1.61334579014292824117757909918480207E-0016
   10710.000000000000        3.30283108486797548394197034702009358E-0016
   10740.000000000000        1.41634196313178582420246034156877627E-0015
   10770.000000000000        9.68768572702720999947490524432912624E-0016
   10800.000000000000        8.89581206680055717519305816088466885E-0029
   10830.000000000000        7.53049736674444498573831116739393653E-0017
   10860.000000000000        3.68060307528005339764988374504473758E-0016
   10890.000000000000        3.15658657759621778702637586605283476E-0015
   10920.000000000000        1.13877550595836045921749979945117989E-0014
   10950.000000000000        9.46628116101350289309046553896987436E-0016
   10980.000000000000        3.89918204708975046931426670022256269E-0016
   11010.000000000000        2.82928954311455373318594529312312785E-0016
   11040.000000000000        4.71174056566754359010130406524574541E-0016
   11070.000000000000        4.03601949057097871315728849189671401E-0016
   11100.000000000000        8.86308662827466613984822227094800440E-0029
   11130.000000000000        5.43878856464231389238383991556781653E-0018
   11160.000000000000        1.20930265945312436167710533901150531E-0017
   11190.000000000000        3.43177004542625395883676626993456924E-0017
   11220.000000000000        7.31607312195297323689200963908358152E-0017
   11250.000000000000        8.84943400152768660122263433151221180E-0029
   11280.000000000000        1.30030268443036940838260948784894155E-0018
   11310.000000000000        3.57909866257392690230612299388992103E-0018
   11340.000000000000        1.18703312791240958516909823518196356E-0017
   11370.000000000000        5.62627924238507493455890918979810017E-0017
   11400.000000000000        8.82764652586301517697126535084138266E-0029
   11430.000000000000        1.20913798589743808602988444186959782E-0018
   11460.000000000000        4.86408598976620692823524987617778038E-0018
   11490.000000000000        2.74981688613752174635807848079001077E-0017
   11520.000000000000        7.88281067795783132714828065130724493E-0016
   11550.000000000000        1.59673274810345146598498045234318822E-0017
   11580.000000000000        5.00396518443594462347060722819279286E-0018
   11610.000000000000        2.87018515494958615563505058326149842E-0018
   11640.000000000000        3.12560635349649258394223736014666996E-0018
   11670.000000000000        3.11851448170305059425802777148108501E-0017
   11700.000000000000        8.80988707870774748772183486610776440E-0029
   11730.000000000000        4.78697480299196100674465734804816472E-0020
   11760.000000000000        8.50507059059921756604319746303454964E-0020
   11790.000000000000        1.75295396565072415484288212627782728E-0019
   11820.000000000000        1.42349706234016822097947813740623521E-0017
   11850.000000000000        7.49019745369628644146247986505710391E-0021
   11880.000000000000        6.13361801043912680885725840407104708E-0023
   11910.000000000000        1.06759833491240468244982012727077121E-0021
   11940.000000000000        1.93306336096081539709549807800051308E-0021
   11970.000000000000        1.98184529823254071993787729418218276E-0018
   12000.000000000000        8.77616037045925209045937821677204659E-0029
   12030.000000000000        1.48395109233453426617752080207420443E-0022
   12060.000000000000        2.36108620404883972959043520308475073E-0021
   12090.000000000000        2.61095025545527362356334842187034091E-0020
   12120.000000000000        3.59753029827977814737353275054472661E-0017
   12150.000000000000        1.14856961055651726705196080460742591E-0019
   12180.000000000000        4.72566208930508289784846880294848083E-0020
   12210.000000000000        3.71375145978645872195301535390621960E-0020
   12240.000000000000        4.84212162488720885780272425135981411E-0020
   12270.000000000000        1.59438611897043590795301206854159941E-0018
   12300.000000000000        8.75376909363667176439701143002828195E-0029
   12330.000000000000        4.32103539334922598171237515023871690E-0021
   12360.000000000000        1.05651403035055740815012973415382109E-0020
   12390.000000000000        2.90928358710303320576737049221934794E-0020
   12420.000000000000        1.20527101848621430022044860377209619E-0018
   12450.000000000000        1.55381746729265135610919868776476063E-0020
   12480.000000000000        6.79627836338209373675716191754015574E-0022
   12510.000000000000        1.02903836077735219885700861261100333E-0022
   12540.000000000000        1.70003003656910205210856554907554645E-0021
   12570.000000000000        4.21943940631353282804499013821072126E-0020
   12600.000000000000        8.73972119598874559364207152544582946E-0029
   12630.000000000000        1.97718566933175137916058859438955763E-0021
   12660.000000000000        7.77008709726351147282738474333670242E-0021
   12690.000000000000        3.44814249362104300158252720743871725E-0020
   12720.000000000000        1.12643522665610956957077418725949372E-0018
   12750.000000000000        1.40324462676822372316343524859560382E-0019
   12780.000000000000        3.23173795045576514090451708984008579E-0020
   12810.000000000000        1.74480877297288943993645142818369521E-0020
   12840.000000000000        1.53289390199523339388516487291006271E-0020
   12870.000000000000        5.61655842718607921550023910430965580E-0020
   12900.000000000000        8.65792925811246804608867970160626831E-0029
   12930.000000000000        1.44270538736951453888664542231681030E-0021
   12960.000000000000        2.82186514294980471822911347697401056E-0021
   12990.000000000000        6.15105886474283232152806826210775820E-0021
   13020.000000000000        5.91418978504249135999413451411852350E-0020
   13050.000000000000        8.76850532467213946194883472398052868E-0021
   13080.000000000000        5.54938765426158500833772022597070113E-0022
   13110.000000000000        2.94641308930853437023639198870721801E-0023
   13140.000000000000        2.30702933895679556363081529688325289E-0023
   13170.000000000000        4.88519042928804222297907071383846880E-0022
   13200.000000000000        8.65643845942957337238911158476823706E-0029
   13230.000000000000        1.54964271304916375942098310257385609E-0022
   13260.000000000000        5.35734105428701248624728937677493734E-0022
   13290.000000000000        1.97645893779506069409796490023949399E-0021
   13320.000000000000        2.45924111769067906538960787247796926E-0020
   13350.000000000000        1.80662180344975222988189232657121487E-0020
   13380.000000000000        2.67058335682473839963560691067604043E-0021
   13410.000000000000        1.20282467331057197956381451315198477E-0021
   13440.000000000000        8.63529987572337687342477123367378631E-0022
   13470.000000000000        1.39198854062315079010345582161972619E-0021
   13500.000000000000        8.77283318397017346533475663853199521E-0029
   13530.000000000000        1.18125592974455113974252202089025561E-0022
   13560.000000000000        1.96947156047908893802037587624670257E-0022
   13590.000000000000        3.67404652703267734561194776250511918E-0022
   13620.000000000000        1.86386173317073864961276259526462102E-0021
   13650.000000000000        1.56080874925738801714982209209233639E-0021
   13680.000000000000        7.69382233601832308119496839133229932E-0023
   13710.000000000000        9.76345224671587067199774123723772885E-0024
   13740.000000000000        3.84600596794969665086033962528694097E-0025
   13770.000000000000        1.97876392945437582390259840216946800E-0024
   13800.000000000000        8.68421582095126880366031176542754107E-0029
   13830.000000000000        4.74298122632961803330196704279590431E-0024
   13860.000000000000        1.52899684023128652582545633656519112E-0023
   13890.000000000000        5.01737354047860032251979260231751271E-0023
   13920.000000000000        3.75608353348888546492724383823526911E-0022
   13950.000000000000        1.40006856729102536089197882485233810E-0021
   13980.000000000000        1.06254854118529323475453880281288293E-0022
   14010.000000000000        4.01562574102399223642796651451259581E-0023
   14040.000000000000        2.44295726651711758272414958047703917E-0023
   14070.000000000000        2.44039813662779047511141525193060567E-0023
   14100.000000000000        8.61490664859505293898674913483461416E-0029
   14130.000000000000        5.03441779027253914898389227884067707E-0024
   14160.000000000000        7.09056609970466121078744401692277234E-0024
   14190.000000000000        1.15198804192697696775269790375259496E-0023
   14220.000000000000        3.95578324307784112670403283058847935E-0023
   14250.000000000000        2.08578301257621555495464422206838589E-0022
   14280.000000000000        4.74541066081022351245896174215859843E-0024
   14310.000000000000        7.07980417141038622309320386568688684E-0025
   14340.000000000000        1.12029283376854713108899181422598733E-0025
   14370.000000000000        2.27471668717056129622440790410370663E-0027
   14400.000000000000        8.64509140818982069884131689071646074E-0029
   14430.000000000000        7.02163271216432250735677803302669133E-0026
   14460.000000000000        2.35863537995115491848053489723957064E-0025
   14490.000000000000        7.44968973230075269256026218264165149E-0025
   14520.000000000000        4.17514249026760676444876469279209465E-0024
   14550.000000000000        1.47135819928395032283080171073563696E-0022
   14580.000000000000        2.82030934730655343152668379069703468E-0024
   14610.000000000000        9.02475570721425827763292399643090611E-0025
   14640.000000000000        4.87001166242346537186658296900519316E-0025
   14670.000000000000        3.61605681531209861394921232116780024E-0025
   14700.000000000000        8.61893959464690193569187187482846539E-0029
   14730.000000000000        1.76618529289652420539077837312799018E-0025
   14760.000000000000        2.15186781416144456579094486716053449E-0025
   14790.000000000000        3.25990531579881824160432569367183015E-0025
   14820.000000000000        9.13517686985119199716907888831001135E-0025
   14850.000000000000        2.14464331434063295900823019014085899E-0022
   14880.000000000000        3.22515617814726229736931747467494762E-0025
   14910.000000000000        5.17359315501290062995982525761031568E-0026
   14940.000000000000        1.22242858712480353064573465860188580E-0026
   14970.000000000000        2.27198735429600949554633397286748697E-0027
