   0.0000000000000000        3.44017013202325799426228176450538733E-0005
   30.000000000000000        5.04863055087806009520576656357947590E-0005
   60.000000000000000        2.43380821274351835394280890381961324E-0004
   90.000000000000000        1.65060630702076047968957794516411599E-0004
   120.00000000000000        3.70157975232372365775911120591921665E-0005
   150.00000000000000        9.47907716485348759088198965988413167E-0005
   180.00000000000000        3.24425277034342713063232567643206476E-0004
   210.00000000000000        2.63284634897087541896859278593255292E-0003
   240.00000000000000        7.18058695184095457724089032366851848E-0003
   270.00000000000000        5.40800948301942640677521890402048636E-0004
   300.00000000000000        1.48576732870579222083482873990287717E-0004
   330.00000000000000        4.20334882189813890159059046127625625E-0005
   360.00000000000000        2.00306957847717574619994964833337341E-0004
   390.00000000000000        3.45694321014595410314167815793742858E-0003
   420.00000000000000        3.92885590929874510778741879329107326E-0004
   450.00000000000000        2.07476672291857013480334571655125538E-0004
   480.00000000000000        1.59723954276535339456869249047196882E-0004
   510.00000000000000        2.02050141872445128665928905307541736E-0004
   540.00000000000000        2.96185011193100031994831503349960281E-0004
   570.00000000000000        3.18141600419037878802901233654469053E-0005
   600.00000000000000        3.14992198111630653628837203179351173E-0005
   630.00000000000000        3.18901777354617673315939052485732457E-0005
   660.00000000000000        5.08713611630521005596084381236775827E-0005
   690.00000000000000        1.15782192784926845878688762974598142E-0003
   720.00000000000000        5.50818786916768890403579734286946333E-0005
   750.00000000000000        3.48270915536730055325946637160258567E-0005
   780.00000000000000        2.96868380286369173307495803937875773E-0005
   810.00000000000000        3.76868253914602360892487752024459384E-0005
   840.00000000000000        3.21061949056824028754300061697220776E-0003
   870.00000000000000        5.39487046253470746348302899546158964E-0005
   900.00000000000000        3.50188385512682695871313222113794415E-0005
   930.00000000000000        3.00868315779704951983018341952617494E-0005
   960.00000000000000        2.80737573736494279840367181581892063E-0005
   990.00000000000000        1.80456975426696275534121055606590512E-0003
   1020.0000000000000        2.73182813548424240630363138999107661E-0005
   1050.0000000000000        2.83482047629323248560530273280705292E-0005
   1080.0000000000000        3.15938450895807558468004701661832545E-0005
   1110.0000000000000        4.50988871505061529687793700133766898E-0005
   1140.0000000000000        2.90681046997318290445020219803660251E-0003
   1170.0000000000000        3.00415104132863068624071045297780239E-0005
   1200.0000000000000        2.40001875189025222367067288409178235E-0005
   1230.0000000000000        2.42810694536881550028651516548311416E-0005
   1260.0000000000000        2.39736506011457822269149670519560810E-0005
   1290.0000000000000        1.13656272064900352683481737312188098E-0004
   1320.0000000000000        6.40068331728917877913307536921726819E-0005
   1350.0000000000000        6.15513004901834032215548843469831628E-0005
   1380.0000000000000        7.67191403688099291561175929754177943E-0005
   1410.0000000000000        1.25202968652885943615088602675341153E-0004
   1440.0000000000000        1.08057404922414798258292414266629348E-0003
   1470.0000000000000        1.99928739431992677566958586170130531E-0005
   1500.0000000000000        5.63352438154067597991434505366644965E-0005
   1530.0000000000000        1.29720454443260672309343559439045876E-0004
   1560.0000000000000        3.76060380276686132621870895405524245E-0004
   1590.0000000000000        5.91598811912327793738759129309229497E-0003
   1620.0000000000000        8.17441529302142296143926290651723919E-0004
   1650.0000000000000        9.14558922994321058934333132174834393E-0005
   1680.0000000000000        2.19008238106507681489115545528760347E-0005
   1710.0000000000000        2.67476324889221525214005483902359244E-0005
   1740.0000000000000        5.43618539393813428833140306105202462E-0004
   1770.0000000000000        2.60683299438365658793034965575967783E-0004
   1800.0000000000000        4.39536142529937604209192785945297994E-0005
   1830.0000000000000        1.92979573480497899297505663274051272E-0005
   1860.0000000000000        1.43243652571481547061594488037108111E-0005
   1890.0000000000000        2.48526140135185156912887834529871574E-0005
   1920.0000000000000        1.35742666641143993673722436552201942E-0005
   1950.0000000000000        2.46594818859039300327162971725189684E-0005
   1980.0000000000000        5.26596630053047771017873065699947990E-0005
   2010.0000000000000        1.49354105587554116515195776965353606E-0004
   2040.0000000000000        1.21390634663832673420170953598264977E-0003
   2070.0000000000000        1.33974923020227424851175186123487093E-0003
   2100.0000000000000        1.02597480821360621673727640131799453E-0004
   2130.0000000000000        1.94873101428165737420353378818707304E-0005
   2160.0000000000000        1.74935366107722221174874441452223280E-0005
   2190.0000000000000        3.47122510059616659710285412566559330E-0004
   2220.0000000000000        1.55202808611875391428987433186076335E-0003
   2250.0000000000000        1.90836840789390824919706057548873550E-0004
   2280.0000000000000        9.09358918674327765841258979156047805E-0005
   2310.0000000000000        6.55401492578255302533803301469139850E-0005
   2340.0000000000000        8.59284200725635803916689566176944012E-0005
   2370.0000000000000        4.17478842885659267355648323416431742E-0005
   2400.0000000000000        8.06299863112024202145308273226388801E-0006
   2430.0000000000000        8.17424724695306822975406145428732479E-0006
   2460.0000000000000        7.51520961461170545934150402693834920E-0006
   2490.0000000000000        7.05724184413667722105062863680008419E-0006
   2520.0000000000000        1.96142373967424272465249536349502301E-0005
   2550.0000000000000        6.78391048489758702415013645991085012E-0006
   2580.0000000000000        6.21259878094001617507391677830134289E-0006
   2610.0000000000000        7.73261189228831681049430370224164522E-0006
   2640.0000000000000        2.55437909623009054830119140399075644E-0005
   2670.0000000000000        7.52574092519793658880171974716144263E-0004
   2700.0000000000000        2.50069425324462418889451275367199975E-0005
   2730.0000000000000        1.19003550501406380763899075920739026E-0005
   2760.0000000000000        8.86371341739257485628490509747050507E-0006
   2790.0000000000000        9.08495110071105953459061413295252645E-0006
   2820.0000000000000        1.02415107431029278396046070789571561E-0004
   2850.0000000000000        4.27818402845409840407446715656050481E-0006
   2880.0000000000000        3.96033467832942196919221660437604338E-0006
   2910.0000000000000        3.76829178824963942043032298178377414E-0006
   2940.0000000000000        3.58272701910995704659777615980784447E-0006
   2970.0000000000000        8.65654387775477988881984359463540604E-0004
   3000.0000000000000        4.40620574878063129977072726054722404E-0006
   3030.0000000000000        4.06542067909016556858843390839736783E-0006
   3060.0000000000000        4.03926523849165764980490926929337750E-0006
   3090.0000000000000        4.14542935061556909823227612937590762E-0006
   3120.0000000000000        5.62713412156515635260957984345091751E-0006
   3150.0000000000000        4.44276435574766148955609223812265549E-0006
   3180.0000000000000        4.92260178334173304300847996883700079E-0006
   3210.0000000000000        5.68969630295561974488072755268419468E-0006
   3240.0000000000000        7.38605241777989259280124084243812596E-0006
   3270.0000000000000        3.98766474837906908215329630170945348E-0005
   3300.0000000000000        4.99759259583040613650719017606104717E-0006
   3330.0000000000000        8.69587044614496976761446074363235116E-0006
   3360.0000000000000        1.49628682178745364384055112239865899E-0005
   3390.0000000000000        3.68506058675084004150802014088300832E-0005
   3420.0000000000000        7.86867400629231667914547495123902070E-0004
   3450.0000000000000        3.14528661476806712752605763727964972E-0005
   3480.0000000000000        2.56667597801002412468593244370837336E-0006
   3510.0000000000000        1.68550244569036677917772709050755089E-0006
   3540.0000000000000        8.00100118850475452386237464351038206E-0006
   3570.0000000000000        1.91683303889262547626237716826599991E-0004
   3600.0000000000000        3.17526463678198509461308810090015962E-0005
   3630.0000000000000        4.98061899165062728181442077829517421E-0006
   3660.0000000000000        1.79937463905486753463528340470985711E-0006
   3690.0000000000000        1.00357275260226018584417510705262745E-0006
   3720.0000000000000        8.33872438825543381108737593926651336E-0007
   3750.0000000000000        1.29893510229150449698071688897370141E-0006
   3780.0000000000000        1.93069623601096096744355114204950324E-0006
   3810.0000000000000        3.61656912755081211479833035915335219E-0006
   3840.0000000000000        9.34535144360507300051141582304754944E-0006
   3870.0000000000000        8.13000604836386739493733859119751036E-0005
   3900.0000000000000        3.44250758357121989180813315580195109E-0005
   3930.0000000000000        1.98978153692817913716026685430129664E-0006
   3960.0000000000000        5.69860030658367594327096699415740338E-0007
   3990.0000000000000        4.20797470139583412324312312203709938E-0006
   4020.0000000000000        6.55691168595715229279581498024910079E-0005
   4050.0000000000000        1.05724650027369404529675066723362580E-0004
   4080.0000000000000        1.39981632706984486729200128851727815E-0005
   4110.0000000000000        5.97826931286541214674949713990297946E-0006
   4140.0000000000000        3.71518138337771560424924293460975927E-0006
   4170.0000000000000        3.65840159214299015506368664390142984E-0006
   4200.0000000000000        3.39529639766846645786322897153430508E-0007
   4230.0000000000000        6.98968082496320864382744174266431931E-0007
   4260.0000000000000        6.86305180775399225043839676146606358E-0007
   4290.0000000000000        7.25239224107258895356820528819088917E-0007
   4320.0000000000000        1.48282273242280061332331098837480895E-0006
   4350.0000000000000        2.71118631846661928018738830930618151E-0006
   4380.0000000000000        3.30869927236299823054999916360624763E-0007
   4410.0000000000000        2.99182525359484869625776469683635858E-0007
   4440.0000000000000        4.91403050056257179043099986506942145E-0007
   4470.0000000000000        2.41882493458391008692121567595548456E-0006
   4500.0000000000000        2.46078047873063709608652049615371544E-0005
   4530.0000000000000        1.34201622604127943286296155919669012E-0006
   4560.0000000000000        5.65934839913058709434796461695328030E-0007
   4590.0000000000000        3.70290421605456729606373439953860778E-0007
   4620.0000000000000        3.16098727541010262339020184528949874E-0007
   4650.0000000000000        9.27446819495960471736285904883322989E-0008
   4680.0000000000000        1.61972434867081774391822838257118973E-0007
   4710.0000000000000        1.78438288257421543073121786285289618E-0007
   4740.0000000000000        2.36091970211881671203801373987065670E-0007
   4770.0000000000000        6.19221734404094837025162400343013181E-0007
   4800.0000000000000        3.67605257430684752046892810933166809E-0005
   4830.0000000000000        3.59184449887845994203757868798828854E-0007
   4860.0000000000000        1.43232308000129912335684621490682572E-0007
   4890.0000000000000        9.70708661413161778046580080250346990E-0008
   4920.0000000000000        7.44222624757375725291704805603971716E-0008
   4950.0000000000000        2.96917556481863718157855020707634804E-0006
   4980.0000000000000        9.27788458984977139838648816606920178E-0008
   5010.0000000000000        8.38524690310083133575931571699268356E-0008
   5040.0000000000000        8.27135028585819525325290671969406129E-0008
   5070.0000000000000        8.53021626324925174194015971349822600E-0008
   5100.0000000000000        7.90303659517439768549496092148028311E-0008
   5130.0000000000000        1.07652413968465782580431159155419787E-0007
   5160.0000000000000        1.33818613885809587717267857445630981E-0007
   5190.0000000000000        1.95186905459050167892203452926379667E-0007
   5220.0000000000000        4.23796875490299930171680203266253870E-0007
   5250.0000000000000        1.67282968017807100690962550028192348E-0005
   5280.0000000000000        1.19794824333909929380421691048115856E-0007
   5310.0000000000000        2.12987532356066457459735942195479636E-0008
   5340.0000000000000        6.56301377192313245211242616067008188E-0008
   5370.0000000000000        2.61167602380881390056386525767802864E-0007
   5400.0000000000000        9.02223757905039995554037546052367843E-0006
   5430.0000000000000        5.24092833553075380920993917632236781E-0007
   5460.0000000000000        8.80203205602496445546872727261052184E-0008
   5490.0000000000000        3.11239126608134724803660134675812068E-0008
   5520.0000000000000        1.59070543924843192069333454045758300E-0008
   5550.0000000000000        1.46406262227770359653961503716160739E-0008
   5580.0000000000000        1.20809763473523258670531488536196157E-0008
   5610.0000000000000        1.61654896691360148254676585732772761E-0008
   5640.0000000000000        2.80075991811091570280788130274480675E-0008
   5670.0000000000000        6.85449254212384903487079829486527892E-0008
   5700.0000000000000        6.95633772617092815338392392092296529E-0007
   5730.0000000000000        1.07945153479356039727347116623157169E-0007
   5760.0000000000000        8.97670957535212546157280081722556858E-0009
   5790.0000000000000        2.38281072865738476442460596363360470E-0008
   5820.0000000000000        1.14418865602593575165281771945349009E-0007
   5850.0000000000000        1.68350128840634757310919793885215114E-0006
   5880.0000000000000        1.15987803111878467415430028699734998E-0006
   5910.0000000000000        1.70543316605864052878369446564647562E-0007
   5940.0000000000000        6.70281197878557316062064645714064319E-0008
   5970.0000000000000        3.25661487644322666469843707338757255E-0008