   0.0000000000000000        1.32230661221928093180714631674479335E-0005
   30.000000000000000        1.37939437565961198647677229507421221E-0005
   60.000000000000000        1.58510337054821414280140883903151678E-0005
   90.000000000000000        2.11592451255396094786193215775978236E-0005
   120.00000000000000        4.06548035585556862253215502972220764E-0005
   150.00000000000000        5.36103030537512115669040996244038858E-0003
   180.00000000000000        6.86718017597201919243588628674086386E-0008
   210.00000000000000        6.98212984802417647118345154781418022E-0006
   240.00000000000000        2.30088113177647669376995504012635641E-0005
   270.00000000000000        9.11465295943660769269643763359916206E-0005
   300.00000000000000        1.06241247260726907714740331652754476E-0002
   330.00000000000000        1.25103316452684848380990762206223387E-0004
   360.00000000000000        2.51049434351114102183786729017178086E-0005
   390.00000000000000        9.00332378624625992785553324559084152E-0006
   420.00000000000000        3.18715443340259431162825222164450101E-0006
   450.00000000000000        1.29616594000169623527656488236221690E-0005
   480.00000000000000        6.37910162964858552480500509601280239E-0006
   510.00000000000000        3.33226338616420604283209472917223001E-0006
   540.00000000000000        2.60341312735044768216681918992763344E-0006
   570.00000000000000        3.27079114313529585319498620629642739E-0006
   600.00000000000000        6.57661352866384570092563121580766284E-0005
   630.00000000000000        9.93647736523975513950845389068763069E-0006
   660.00000000000000        9.02122106522865404335793336976667362E-0006
   690.00000000000000        2.04636361401615671446397008779414579E-0005
   720.00000000000000        8.66628992110643139760219292297537514E-0005
   750.00000000000000        2.95084957078838862990155906373860183E-0003
   780.00000000000000        4.70094861100290244330378899180718038E-0004
   810.00000000000000        1.18024058513837799707155311110329269E-0004
   840.00000000000000        6.19942455191419389591569521821330031E-0005
   870.00000000000000        3.45711382092808641076664599409531001E-0005
   900.00000000000000        1.22111218553866896169610553881415046E-0005
   930.00000000000000        1.93572805722068201827026194626361309E-0004
   960.00000000000000        1.45437405382438224205463339767440404E-0004
   990.00000000000000        1.85758560754909458422552651237680091E-0004
   1020.0000000000000        3.71291457123838854712311692788688246E-0004
   1050.0000000000000        3.47611781277418784768833427909257432E-0003
   1080.0000000000000        5.90832926438316455517484854217550196E-0004
   1110.0000000000000        3.87493498087505667166409539472338772E-0005
   1140.0000000000000        3.26656559537198993625426285895272125E-0006
   1170.0000000000000        9.47043505342352313630309476118156991E-0006
   1200.0000000000000        1.83735092343192448298640494982004326E-0004
   1230.0000000000000        7.00293919513199838488785343247050550E-0005
   1260.0000000000000        6.11962344746343004824221852926428533E-0006
   1290.0000000000000        2.79830813012278512238153945774759156E-0006
   1320.0000000000000        3.14848120309930848868852623384031062E-0006
   1350.0000000000000        1.10651390859370121891326042905346131E-0005
   1380.0000000000000        1.27417571301332974007150277134752950E-0004
   1410.0000000000000        9.18257317468685671091112809056605476E-0005
   1440.0000000000000        1.38984552389488060972697167805710898E-0004
   1470.0000000000000        3.12235058243753884666034365842897941E-0004
   1500.0000000000000        2.10236466272094951189291753069573573E-0003
   1530.0000000000000        1.37720973972146146734967305408330514E-0003
   1560.0000000000000        5.56108816503643507655905082044839924E-0005
   1590.0000000000000        4.88907220864109832832115922732663760E-0006
   1620.0000000000000        9.03176426813267185776266777332085663E-0005
   1650.0000000000000        1.36211680219617873486528471171123495E-0003
   1680.0000000000000        2.81707835464911678056464704352508706E-0003
   1710.0000000000000        2.97349676407456184799815578376002073E-0004
   1740.0000000000000        1.01991284143954984064003640578506413E-0004
   1770.0000000000000        4.23961624783608479290808277988685088E-0005
   1800.0000000000000        9.65757033343594675746309557343315382E-0006
   1830.0000000000000        6.71252190961444819970383971648735733E-0005
   1860.0000000000000        1.53918993870205842449558071342803537E-0005
   1890.0000000000000        5.95011527312477409322823000775215284E-0006
   1920.0000000000000        6.95023701379257035486890151286484458E-0006
   1950.0000000000000        8.17510268424055327527044864792458091E-0005
   1980.0000000000000        4.19963504048260305749381205594875986E-0004
   2010.0000000000000        2.29291935923872561118581185973198249E-0005
   2040.0000000000000        4.99973828502134412468067420580267566E-0006
   2070.0000000000000        2.73059413089665545694373912532099941E-0005
   2100.0000000000000        3.73288897098356164636214010440547576E-0004
   2130.0000000000000        3.58010634977475905436304179099048701E-0003
   2160.0000000000000        2.49645975005302876035811105168198826E-0004
   2190.0000000000000        9.30940316455432483236009028054798949E-0005
   2220.0000000000000        4.24865533476808492102282308779878713E-0005
   2250.0000000000000        8.13603837018940449430717636614802040E-0006
   2280.0000000000000        5.34838837760936940715528248340664575E-0004
   2310.0000000000000        8.42840866343429083299513052885061604E-0005
   2340.0000000000000        5.55929991510366490537708630367731554E-0005
   2370.0000000000000        4.83139466275052158158737377052007153E-0005
   2400.0000000000000        6.33608965718821573213057384518110386E-0005
   2430.0000000000000        1.04850742421321998530986112458816231E-0004
   2460.0000000000000        6.52597344334370097408389925942467923E-0006
   2490.0000000000000        7.49433404935286894791445570533215023E-0006
   2520.0000000000000        6.45552663057868755006678553821903900E-0006
   2550.0000000000000        6.42343214693809702452367267018099187E-0006
   2580.0000000000000        4.78425104700765857671414083877202155E-0004
   2610.0000000000000        2.49831710115377826041692696372550551E-0005
   2640.0000000000000        1.47070798528209036704530123846935771E-0005
   2670.0000000000000        1.05116102579307348457984257826142531E-0005
   2700.0000000000000        6.63621731813654474590655610793239900E-0006
   2730.0000000000000        3.75187385170525568024622874458292759E-0004
   2760.0000000000000        1.92544867190363193644344823536327291E-0005
   2790.0000000000000        1.41458290480238446517783551261563814E-0005
   2820.0000000000000        1.28422134155919339088953242892295922E-0005
   2850.0000000000000        1.43721153797531461166807614167785954E-0005
   2880.0000000000000        5.88536243729884785403942518840465864E-0004
   2910.0000000000000        5.67734023250052947408849919364698791E-0006
   2940.0000000000000        6.01945878342832399159774467870421812E-0006
   2970.0000000000000        5.95152475231569798627954780738847135E-0006
   3000.0000000000000        5.70177306497479528293737160135079049E-0006
   3030.0000000000000        3.30085030493741780243222991649794933E-0004
   3060.0000000000000        5.86117608442347805404805347546885217E-0006
   3090.0000000000000        5.54020521965672938449978314089696846E-0006
   3120.0000000000000        5.35780375657158385609579022432742103E-0006
   3150.0000000000000        5.26293357698208665509431944608399870E-0006
   3180.0000000000000        2.41675485511968580623892858982704594E-0005
   3210.0000000000000        5.31559707920482646818750450874556565E-0006
   3240.0000000000000        5.42496278254903197775622081008093420E-0006
   3270.0000000000000        6.02977771109797904680800282599460841E-0006
   3300.0000000000000        8.67360282488017545606995866553401754E-0006
   3330.0000000000000        2.59030838478357836376564204124288081E-0004
   3360.0000000000000        5.61654392871664382191843906244228373E-0006
   3390.0000000000000        4.81521406078532917624610922708328479E-0006
   3420.0000000000000        6.81388195328550001223837532978427505E-0006
   3450.0000000000000        1.67839971164361096940949447434943233E-0005
   3480.0000000000000        7.34069081823929214010593998647463454E-0004
   3510.0000000000000        2.98633788662724832851244502295416092E-0005
   3540.0000000000000        8.18960591884026112144524783672985195E-0006
   3570.0000000000000        4.85072167794311573413166600184048511E-0006
   3600.0000000000000        4.08123895733358783757974970519513312E-0006
   3630.0000000000000        3.64363593699152267941119816784682124E-0005
   3660.0000000000000        7.69394577686713010008774590768920512E-0006
   3690.0000000000000        4.34423250949842176109171974922141267E-0006
   3720.0000000000000        3.74486373185827136822988347037724281E-0006
   3750.0000000000000        3.73542391943528839214473495057673565E-0006
   3780.0000000000000        8.13353878345550825544880999193773332E-0006
   3810.0000000000000        3.44942209732228101900875822455506815E-0006
   3840.0000000000000        3.94322023996631332962477105302142647E-0006
   3870.0000000000000        5.69882208560600632186293090640179356E-0006
   3900.0000000000000        1.30470404946599866799669352099947931E-0005
   3930.0000000000000        1.89073140795084360335194900655242619E-0004
   3960.0000000000000        3.78104298870197149306767535223355552E-0005
   3990.0000000000000        6.87494738961066573149008186941261878E-0006
   4020.0000000000000        3.26568432878809966656574898843537043E-0006
   4050.0000000000000        3.11723127636367252270821334262587865E-0006
   4080.0000000000000        4.14850287667403039101353289723682665E-0005
   4110.0000000000000        2.78813058783849937347217698000779880E-0005
   4140.0000000000000        8.24104956567757833712799540301434926E-0006
   4170.0000000000000        5.61532338741933478178967115585328325E-0006
   4200.0000000000000        5.39807998333352474432020424781863131E-0006
   4230.0000000000000        1.51302618597733528144039525745276059E-0005
   4260.0000000000000        4.92427979404403632997206700851899279E-0006
   4290.0000000000000        2.31524738737009558259570678933947414E-0006
   4320.0000000000000        2.11573101912913339651773848772356689E-0006
   4350.0000000000000        2.11521842076393339517288341404363032E-0006
   4380.0000000000000        2.98077702497695419583939111748189421E-0006
   4410.0000000000000        1.84263051786445279081865402232088811E-0006
   4440.0000000000000        1.67637309947056573630553600008863160E-0006
   4470.0000000000000        1.79668143863741328010396198452674806E-0006
   4500.0000000000000        2.36585724572645319760044845377052306E-0006
   4530.0000000000000        1.00124559158559111639365865708086262E-0005
   4560.0000000000000        1.19305150874694939057100537077341812E-0005
   4590.0000000000000        2.60055018084636552907136225020798941E-0006
   4620.0000000000000        1.90780656173980341261954019656972719E-0006
   4650.0000000000000        2.00342814295108778142137786088736555E-0006
   4680.0000000000000        5.40010302184338849117651358907916017E-0006
   4710.0000000000000        6.74757858790096626191327105588916141E-0006
   4740.0000000000000        1.31963487998709960035144208834521146E-0006
   4770.0000000000000        9.16544412224691317765588633993272575E-0007
   4800.0000000000000        8.94854977840203641808152711077981310E-0007
   4830.0000000000000        4.33880842540382259400441095504884051E-0006
   4860.0000000000000        2.34938599074143710437975921790601818E-0005
   4890.0000000000000        3.87728215050511603856742492782765164E-0006
   4920.0000000000000        2.33148856509302908394114490077172223E-0006
   4950.0000000000000        1.80189421137269565290115685144155163E-0006
   4980.0000000000000        1.52018372709670384562943706772085438E-0006
   5010.0000000000000        1.32873733940333262503373793601187895E-0006
   5040.0000000000000        1.17264028101083631154499092566206532E-0006
   5070.0000000000000        1.02097116562909892279480004216502283E-0006
   5100.0000000000000        8.35541915129829203525635917855531951E-0007
   5130.0000000000000        4.88969179336072211371620231559902206E-0007
   5160.0000000000000        3.71590989866726851846197236188248925E-0006
   5190.0000000000000        1.17752032800820255610608742068357735E-0006
   5220.0000000000000        8.00823978123897963803909859999635012E-0007
   5250.0000000000000        4.63973139956333351618112448187949202E-0007
   5280.0000000000000        2.15686852497717086891356431598412882E-0007
   5310.0000000000000        2.57527207400575374473826380748883008E-0005
   5340.0000000000000        3.11765502594638569888260468562723652E-0006
   5370.0000000000000        1.91751026984140015955443881492598340E-0006
   5400.0000000000000        1.39069535952288780196460958841514300E-0006
   5430.0000000000000        7.73154428344867406521176869558481902E-0007
   5460.0000000000000        9.47909423977874836654773159480332164E-0006
   5490.0000000000000        2.16232191536220018539821307533321523E-0006
   5520.0000000000000        1.71435427004285436197965921421042265E-0006
   5550.0000000000000        1.52671483607577282176190275198638706E-0006
   5580.0000000000000        1.42100402246168560303467945916226580E-0006
   5610.0000000000000        1.13931675774888118155645717787544337E-0006
   5640.0000000000000        1.20982154173161292938837090485285794E-0006
   5670.0000000000000        1.14577279702776945692860893353211800E-0006
   5700.0000000000000        1.06127631242772279381376547134559117E-0006
   5730.0000000000000        8.91502296499726306975589668478547051E-0007
   5760.0000000000000        6.54965205483698841349023168133053084E-0006
   5790.0000000000000        1.33603271206831150226206964074907347E-0006
   5820.0000000000000        1.17843278899116379594376679718999347E-0006
   5850.0000000000000        1.09652339887530759414296287488564496E-0006
   5880.0000000000000        1.00551197674751836654777920863511270E-0006
   5910.0000000000000        6.43440489211334253173905783408883102E-0006
   5940.0000000000000        1.12991004578768644665061177559181767E-0006
   5970.0000000000000        1.05822596415154971562882835265132511E-0006
   6000.0000000000000        1.01882366565059945704238491987668900E-0006
   6030.0000000000000        9.85571829154239320993383387929309407E-0007
   6060.0000000000000        5.27445439977052592330328567224722828E-0007
   6090.0000000000000        9.61460721178617991024807714628782142E-0007
   6120.0000000000000        9.35829118280645941949318540829963208E-0007
   6150.0000000000000        9.13275764205203882442513183079573175E-0007
   6180.0000000000000        8.84604209891906335707196795391925744E-0007
   6210.0000000000000        5.37563120053586558961497124047688471E-0007
   6240.0000000000000        9.19271897189454980836554284974463780E-0007
   6270.0000000000000        8.94343125335319314283463837680737083E-0007
   6300.0000000000000        8.87701154274640798804625827929954613E-0007
   6330.0000000000000        9.07883582782154702147518739089030812E-0007
   6360.0000000000000        1.70498306592133047218200317376409104E-0006
   6390.0000000000000        7.09163231903423632356842660370432478E-0007
   6420.0000000000000        7.41278932525329675676926607286355873E-0007
   6450.0000000000000        7.39090961364998417365800087786365598E-0007
   6480.0000000000000        7.22952323832363366659769495061200502E-0007
   6510.0000000000000        6.00501079126405627381687928584944193E-0007
   6540.0000000000000        7.51324458424222307174817842598335716E-0007
   6570.0000000000000        7.17133234818583594432367245227193457E-0007
   6600.0000000000000        6.86684649791265661958576509834716995E-0007
   6630.0000000000000        6.32808086861056839042416272480896495E-0007
   6660.0000000000000        3.82792573747971827617037537410456042E-0007
   6690.0000000000000        9.04145825141366495146037606918243916E-0007
   6720.0000000000000        7.80485517404123250620441324050129226E-0007
   6750.0000000000000        7.38875571617899959811446863913859018E-0007
   6780.0000000000000        7.07003682671887806481637022068802671E-0007
   6810.0000000000000        6.13554669734945546286212875321798316E-0007
   6840.0000000000000        7.46614355836575820256379921928538017E-0007
   6870.0000000000000        7.08965876493305448616073170642554596E-0007
   6900.0000000000000        6.91386231584669927534726090229070675E-0007
   6930.0000000000000        6.77345609044789798188450755558417238E-0007
   6960.0000000000000        6.58603473088478487298890748891294589E-0007
   6990.0000000000000        6.61696327014998550449836087125021435E-0007
   7020.0000000000000        6.47272131588062065554907135261655954E-0007
   7050.0000000000000        6.32893367261083915745414417469458685E-0007
   7080.0000000000000        6.11935629125941480396025394864047726E-0007
   7110.0000000000000        5.53053380434131280930203165091803905E-0007
   7140.0000000000000        7.25931558431409390415887923621372615E-0007
   7170.0000000000000        6.53791136029579098935519528970360784E-0007
   7200.0000000000000        6.31234082447805044740677038748153722E-0007
   7230.0000000000000        6.12690707325065207775897360498862740E-0007
   7260.0000000000000        5.77620310221811756471722919115448112E-0007
   7290.0000000000000        6.73384932165890241974116142558933355E-0007
   7320.0000000000000        6.25598912378547255385839131608425112E-0007
   7350.0000000000000        6.11322519372870888930403094578561837E-0007
   7380.0000000000000        6.01953702613414614494263136120540545E-0007
   7410.0000000000000        5.94426376142059959767598166950988128E-0007
   7440.0000000000000        5.87472232300064796396569198421137647E-0007
   7470.0000000000000        5.81395886437009587688038454427907549E-0007
   7500.0000000000000        5.75650547549307499035314343392711979E-0007
   7530.0000000000000        5.70201503211681972779592868938894781E-0007
   7560.0000000000000        5.65381650147444474089275425602715564E-0007
   7590.0000000000000        5.62167539940078326216119648419985070E-0007
   7620.0000000000000        5.56003410341082170786954760970474454E-0007
   7650.0000000000000        5.51593591011718630760188446429761804E-0007
   7680.0000000000000        5.48220538307810434943286589819390352E-0007
   7710.0000000000000        5.51037096436491510331024261291823071E-0007
   7740.0000000000000        5.29874149756254687835396822720150528E-0007
   7770.0000000000000        5.28707851713271973277890515305202400E-0007
   7800.0000000000000        5.25514546882438807923870602447351224E-0007
   7830.0000000000000        5.21882470788861498176108997927676007E-0007
   7860.0000000000000        5.18439294092329780174421588611831163E-0007
   7890.0000000000000        5.12632046668183048031176683393920398E-0007
   7920.0000000000000        5.09499315882991645222850462113345455E-0007
   7950.0000000000000        5.05547169029363586124918622624094423E-0007
   7980.0000000000000        5.01144007397428413972839577978778742E-0007
   8010.0000000000000        4.94488684974053712270596130429420677E-0007
   8040.0000000000000        5.07849758721205571553432334478633708E-0007
   8070.0000000000000        4.95551951379964528106553479793376841E-0007
   8100.0000000000000        4.91089173891958638037987234322246972E-0007
   8130.0000000000000        4.87645008774020116074706002753890920E-0007
   8160.0000000000000        4.85740593631485445266887976820890804E-0007
   8190.0000000000000        4.71539539067569265043284959569061321E-0007
   8220.0000000000000        4.74220423283799676291867353396895387E-0007
   8250.0000000000000        4.71674953653397893864926487426465721E-0007
   8280.0000000000000        4.68800552880963483353070000346715452E-0007
   8310.0000000000000        4.66167207026936996691611002559222040E-0007
   8340.0000000000000        4.59287704869816448480361206550482055E-0007
   8370.0000000000000        4.58475406208066679449183354291412714E-0007
   8400.0000000000000        4.55427029216364193161873287349125435E-0007
   8430.0000000000000        4.51919982637769891637010601134575355E-0007
   8460.0000000000000        4.46825493651078116249764466726932638E-0007
   8490.0000000000000        4.68322583917211599639152519312163110E-0007
   8520.0000000000000        4.48118207492222214568068830719266774E-0007
   8550.0000000000000        4.43909053241715569228547283092421835E-0007
   8580.0000000000000        4.40456202314155108566466449958003629E-0007
   8610.0000000000000        4.36714804522910288644455032329206352E-0007
   8640.0000000000000        4.46614402180886943189303626190632903E-0007
   8670.0000000000000        4.33931550067329753158178064054975617E-0007
   8700.0000000000000        4.30726296110979364765722364977481730E-0007
   8730.0000000000000        4.27940378548203011270914202549932443E-0007
   8760.0000000000000        4.25315767021090034510984835481174280E-0007
   8790.0000000000000        4.22103298385200152957951631919363782E-0007
   8820.0000000000000        4.20157791549290164328612039746376194E-0007
   8850.0000000000000        4.17715243707131042341277848777624758E-0007
   8880.0000000000000        4.15290844072199699772746664407858100E-0007
   8910.0000000000000        4.12845898430643281921641624179817842E-0007
   8940.0000000000000        4.19237690590869818081866292562857223E-0007
   8970.0000000000000        4.08593790213779133467420451676382028E-0007
   9000.0000000000000        4.06276960995724188705907019669822525E-0007
   9030.0000000000000        4.04072557249261864028150072370315374E-0007
   9060.0000000000000        4.02009634451895464917629498137470229E-0007
   9090.0000000000000        4.09570768079038909739910153324434402E-0007
   9120.0000000000000        3.97100696640242227937795194468118853E-0007
   9150.0000000000000        3.95157585282030225761898902752909448E-0007
   9180.0000000000000        3.93145423770597363302228781059459496E-0007
   9210.0000000000000        3.91163601721871011063992353016192131E-0007
   9240.0000000000000        3.90225739568171915368972326140155693E-0007
   9270.0000000000000        3.86991007136247622936563217619697093E-0007
   9300.0000000000000        3.85089542764349801495527108020704382E-0007
   9330.0000000000000        3.83181605856768466590583402210641610E-0007
   9360.0000000000000        3.81305245833383466846052252644181966E-0007
   9390.0000000000000        3.79761012806259324009787750654257624E-0007
   9420.0000000000000        3.77494496180909022253745171545278523E-0007
   9450.0000000000000        3.75721302749961779055721159940158224E-0007
   9480.0000000000000        3.73985613549100794933372136069156204E-0007
   9510.0000000000000        3.72392871380793689229977597509790647E-0007
   9540.0000000000000        3.73000332767229586467197927890747292E-0007
   9570.0000000000000        3.67825716200417187070356950555229279E-0007
   9600.0000000000000        3.66448746715554037333032797516197364E-0007
   9630.0000000000000        3.64861199162953261175370018990135251E-0007
   9660.0000000000000        3.63281923117590179257280250737944702E-0007
   9690.0000000000000        3.62264099680649712101278331360898167E-0007
   9720.0000000000000        3.59620393666645374149842238179509806E-0007
   9750.0000000000000        3.58124789964825326363470110805090312E-0007
   9780.0000000000000        3.56537053790485209401577735909527916E-0007
   9810.0000000000000        3.54902873537237338471147068596765199E-0007
   9840.0000000000000        3.52762224831286122718376291848167314E-0007
   9870.0000000000000        3.52283303906927814705367072386405567E-0007
   9900.0000000000000        3.50589953979398118724924132013549229E-0007
   9930.0000000000000        3.49041786069314024905019945756817649E-0007
   9960.0000000000000        3.47535692116438824540794544820958452E-0007
   9990.0000000000000        3.46056166102186640135692561145759473E-0007
   10020.000000000000        3.44598739467004487421854782075554843E-0007
   10050.000000000000        3.43162060061055470991529480887087242E-0007
   10080.000000000000        3.41746898047403812684997211712553595E-0007
   10110.000000000000        3.40359928386066148476218806040874178E-0007
   10140.000000000000        3.39086044817155625024821860221913663E-0007
   10170.000000000000        3.37454040792151618200799069511664677E-0007
   10200.000000000000        3.36156097317807421191420177785876455E-0007
   10230.000000000000        3.34822057841748273494848956914445701E-0007
   10260.000000000000        3.33479381765407526591830575575971651E-0007
   10290.000000000000        3.32019433778765047859827515631016864E-0007
   10320.000000000000        3.31131790470903304618781134843530605E-0007
   10350.000000000000        3.29745069695296526495116917972681225E-0007
   10380.000000000000        3.28456023433465540912043520750338184E-0007
   10410.000000000000        3.27183780162107546912156650024832127E-0007
   10440.000000000000        3.25846603548275633462614164424676271E-0007
   10470.000000000000        3.24932949402076196777174440878922630E-0007
   10500.000000000000        3.23636039978530822879908517985337075E-0007
   10530.000000000000        3.22430845105991734159974552338368732E-0007
   10560.000000000000        3.21251082868948362587364154017100220E-0007
   10590.000000000000        3.20087036426247606286729397528451359E-0007
   10620.000000000000        3.18950752679119906856688364619395000E-0007
   10650.000000000000        3.17816160526857553652158278856694953E-0007
   10680.000000000000        3.16697947105523171079637018081317034E-0007
   10710.000000000000        3.15592359358241994056643286719197651E-0007
   10740.000000000000        3.14491388016353007631980406376667161E-0007
   10770.000000000000        3.13459050787337207429976429720106159E-0007
   10800.000000000000        3.12377233351530158026024606023463621E-0007
   10830.000000000000        3.11322741052907676584219070719757173E-0007
   10860.000000000000        3.10280931784044778974346875462911115E-0007
   10890.000000000000        3.09241754890673510983543220324573513E-0007
   10920.000000000000        3.08291081227962556959494536996305079E-0007
   10950.000000000000        3.07261626003075291294450113858078476E-0007
   10980.000000000000        3.06268762718707849076666965503729779E-0007
   11010.000000000000        3.05290277894351559489413226588493070E-0007
   11040.000000000000        3.04323080849048661073887074270312802E-0007
   11070.000000000000        3.03379684712378911750659392882334281E-0007
   11100.000000000000        3.02432934278526482546030247595860773E-0007
   11130.000000000000        3.01502200866508204104677414457810921E-0007
   11160.000000000000        3.00583263888138233477759543569211346E-0007
   11190.000000000000        2.99675728333085335504786281670541648E-0007
   11220.000000000000        2.98778724062622778929376956382436317E-0007
   11250.000000000000        2.97893537764042767609622920221708694E-0007
   11280.000000000000        2.97018938933675725427628489792079419E-0007
   11310.000000000000        2.96155077889303638973391454625143648E-0007
   11340.000000000000        2.95302001456784991844891017926507001E-0007
   11370.000000000000        2.94456952374119778098170310396077725E-0007
   11400.000000000000        2.93625918892768639310425183449052238E-0007
   11430.000000000000        2.92803880457545745122949557187466052E-0007
   11460.000000000000        2.91991973262988808067401352557119585E-0007
   11490.000000000000        2.91190348058219421765439829865864999E-0007
   11520.000000000000        2.90394335920272799736420150298261468E-0007
   11550.000000000000        2.89615035883259168891163002995504865E-0007
   11580.000000000000        2.88842827158129578307917218552947203E-0007
   11610.000000000000        2.88080122519863456549265993326415888E-0007
   11640.000000000000        2.87326827155752194913350940350993333E-0007
   11670.000000000000        2.86586387968947540239788132224846645E-0007
   11700.000000000000        2.85849581020367850173693122022706043E-0007
   11730.000000000000        2.85124499350876957637067520045507883E-0007
   11760.000000000000        2.84408715286137650075683011012021166E-0007
   11790.000000000000        2.83702048837601627087732860663715553E-0007
   11820.000000000000        2.83006561477066227176611630007277648E-0007
   11850.000000000000        2.82316187332731058760900209005566796E-0007
   11880.000000000000        2.81636472795854201581815241744693850E-0007
   11910.000000000000        2.80965611538588620732358868418987069E-0007
   11940.000000000000        2.80303503991184260348803412954681696E-0007
   11970.000000000000        2.79648482960383528959714012808414321E-0007
   12000.000000000000        2.79005165807748767903747176058496565E-0007
   12030.000000000000        2.78368832974327891688409859362514566E-0007
   12060.000000000000        2.77740943344864648906951533751631739E-0007
   12090.000000000000        2.77121445880602296867909929678716461E-0007
   12120.000000000000        2.76511856208474477707477172179435256E-0007
   12150.000000000000        2.75907089707485240406634023759220529E-0007
   12180.000000000000        2.75312308563690673281400292295834188E-0007
   12210.000000000000        2.74725622575852858798821643601023617E-0007
   12240.000000000000        2.74147044792982170656388113111621707E-0007
   12270.000000000000        2.73579177678400624325753197569598826E-0007
   12300.000000000000        2.73012907974870955580459952422945434E-0007
   12330.000000000000        2.72458090175191652557617935580995199E-0007
   12360.000000000000        2.71910949665488184576117793265797978E-0007
   12390.000000000000        2.71371529501804246282101075550235217E-0007
   12420.000000000000        2.70840251152929075078656621053654386E-0007
   12450.000000000000        2.70315366533316776393665252110089682E-0007
   12480.000000000000        2.69798776633321931966421566104494118E-0007
   12510.000000000000        2.69289648716226787215014452123769287E-0007
   12540.000000000000        2.68787965219302571449803558528412027E-0007
   12570.000000000000        2.68293835105084176726154321616401067E-0007
   12600.000000000000        2.67806592632987300553226599126406473E-0007
   12630.000000000000        2.67326938281934618439281753942065493E-0007
   12660.000000000000        2.66854514263108251755245380719909129E-0007
   12690.000000000000        2.66389327682348815337375131456507151E-0007
   12720.000000000000        2.65932037581574180302055503871051570E-0007
   12750.000000000000        2.65479582686736563293999978884170146E-0007
   12780.000000000000        2.65035765354767943888197498600981014E-0007
   12810.000000000000        2.64598811625510464568539039872207998E-0007
   12840.000000000000        2.64168809417620886079749241598244327E-0007
   12870.000000000000        2.63746042995576042173782308048560782E-0007
   12900.000000000000        2.63329026834246515525313780262956797E-0007
   12930.000000000000        2.62919664386706159104334472230829087E-0007
   12960.000000000000        2.62516985670917655105170023685433738E-0007
   12990.000000000000        2.62121020840285826165729961919721499E-0007
   13020.000000000000        2.61731705490174767408592644288872163E-0007
   13050.000000000000        2.61349185256750606391468783894617052E-0007
   13080.000000000000        2.60973166728954641722346105219958843E-0007
   13110.000000000000        2.60603743574639598011690320567595955E-0007
   13140.000000000000        2.60240870967521173424585914786900199E-0007
   13170.000000000000        2.59884556209369845973362921209805334E-0007
   13200.000000000000        2.59534511276109476312875051998203934E-0007
   13230.000000000000        2.59191077746568044604022924017449187E-0007
   13260.000000000000        2.58854021802974618790220651091914731E-0007
   13290.000000000000        2.58523337806232161000008202887939437E-0007
   13320.000000000000        2.58199054925629798016840681363788232E-0007
   13350.000000000000        2.57880775438137112636163913767356620E-0007
   13380.000000000000        2.57569043929715775015684540504515947E-0007
   13410.000000000000        2.57263504078251586863417391386759321E-0007
   13440.000000000000        2.56964165432379501597266886488424734E-0007
   13470.000000000000        2.56670993043661615581833426996725621E-0007
   13500.000000000000        2.56384032618356912393361329625213099E-0007
   13530.000000000000        2.56103135386693719561398946328950063E-0007
   13560.000000000000        2.55828346044579161880323285225511832E-0007
   13590.000000000000        2.55559626097095906509720029864463097E-0007
   13620.000000000000        2.55296934196160749557898020103672115E-0007
   13650.000000000000        2.55040355425634525782342165324146132E-0007
   13680.000000000000        2.54789671021185770732505790860261762E-0007
   13710.000000000000        2.54544978892001418678633234923519076E-0007
   13740.000000000000        2.54306236432864133507002791530088007E-0007
   13770.000000000000        2.54073420805308754361891289998500021E-0007
   13800.000000000000        2.53846490280608412677348378978227644E-0007
   13830.000000000000        2.53625457679040367063058686297866527E-0007
   13860.000000000000        2.53410278592417742738733986879764434E-0007
   13890.000000000000        2.53200936309765570867841894695668618E-0007
   13920.000000000000        2.52997410289516474653712095699952781E-0007
   13950.000000000000        2.52799690273457229236753991875376627E-0007
   13980.000000000000        2.52607739621191546347048187154899670E-0007
   14010.000000000000        2.52421552386791524692253036429353609E-0007
   14040.000000000000        2.52241108009744238051196421173602751E-0007
   14070.000000000000        2.52066385904277794761412204271243084E-0007
   14100.000000000000        2.51897409466851432574899960831923979E-0007
   14130.000000000000        2.51734079889451239990792531190536608E-0007
   14160.000000000000        2.51576442696670316201341706701884403E-0007
   14190.000000000000        2.51424470004617362481596729197931038E-0007
   14220.000000000000        2.51278145737925027374382090767301904E-0007
   14250.000000000000        2.51137468381390406296071158014353278E-0007
   14280.000000000000        2.51002397228220404667155195404123922E-0007
   14310.000000000000        2.50872940797601200528242775272418268E-0007
   14340.000000000000        2.50749082031699831957366525914788180E-0007
   14370.000000000000        2.50630809005611394772451557489363689E-0007
   14400.000000000000        2.50518110655523178342073648780911169E-0007
   14430.000000000000        2.50410976166259950116958244608608092E-0007
   14460.000000000000        2.50309395675476370200308728439177480E-0007
   14490.000000000000        2.50213359596778899570391200253452740E-0007
   14520.000000000000        2.50122858750999362743342691125524111E-0007
   14550.000000000000        2.50037889750968801228376631978854734E-0007
   14580.000000000000        2.49958432130343030865900747138262344E-0007
   14610.000000000000        2.49884489241552626218398528561165256E-0007
   14640.000000000000        2.49816051276305108828799874737021578E-0007
   14670.000000000000        2.49753111660628082353212242343478451E-0007
   14700.000000000000        2.49695668082691467491894102162753881E-0007
   14730.000000000000        2.49643705781027944050837536707394403E-0007
   14760.000000000000        2.49597228420093458497249069532381235E-0007
   14790.000000000000        2.49556229209746964179442375196004437E-0007
   14820.000000000000        2.49520704271419906227952773769688232E-0007
   14850.000000000000        2.49490650707634285323037260669794771E-0007
   14880.000000000000        2.49466064546694723388213347019010363E-0007
   14910.000000000000        2.49446944619267394500968557323435879E-0007
   14940.000000000000        2.49433288800422956361877114074087342E-0007
   14970.000000000000        2.49425095817081856550429293517067171E-0007
