   0.0000000000000000        1.99999999999999419586369682247047723         4.00000000000001336144965558459218723      
   4.0000000000000001E-002   2.98868133758752008637593516266841297         2.84071871697718378566135110279682171      
   8.0000000000000002E-002   3.42279459912788353674930173547967428         1.54741212649576357006172301099524026      
  0.12000000000000000        3.36164901655841867914845975747400793        0.355087552313349274931664236766466638      
  0.16000000000000000        2.95266748205046736442589099403031792       -0.573586127432247679258435387107952717      
  0.20000000000000001        2.38196601125010633120533659467851099        -1.17557050458494608940433444537155890      
  0.23999999999999999        1.81999666255165797671830402553131813        -1.48673444462839665554291534214075382      
  0.28000000000000003        1.37651500572328903334903688368851183        -1.61489190380053598048156616516418637      
  0.32000000000000001        1.07629302967251259432193502961454682        -1.69504149194821086117392315710250837      
  0.35999999999999999       0.861305348328341198014011096103513941        -1.83965156372323856164402154460004097      
  0.40000000000000002       0.618033988749894498758198531203435305        -2.09788696740969311041790644771210607      
  0.44000000000000000       0.221869277343033126276735521395564477        -2.43513185332323795370815299903837312      
  0.47999999999999998      -0.413974686912630730945295452168219196        -2.73868820317008005159021857775307535      
  0.52000000000000002       -1.29890165524252692353633094936898898        -2.84852078349960388431693098052809864      
  0.56000000000000005       -2.34628881033779339545271346552212594        -2.60516218935716962387526796843054329      
  0.59999999999999998       -3.38196601125010352910999404548443426        -1.90211303259030828393980971597968633      
  0.64000000000000001       -4.17898869435206514214460868756259156       -0.728506523957588707549846524525117042      
  0.68000000000000005       -4.51091595699717183556511358873757371        0.810114523618313199758902007305940105      
  0.71999999999999997       -4.21069398094639634300013171158291063         2.49981887213043321831937361795728935      
  0.76000000000000001       -3.22029738012874717056670147635798006         4.05489253230922145743880129768721969      
  0.80000000000000004       -1.61803398874989635951525535664775402         5.17557050458494623229477036094014272      
  0.83999999999999997       0.384509394369641710831414281184039799         5.61388017011265171639102338367703213      
  0.88000000000000000        2.47672204822851814544938439826477315         5.23212143435633421382906458068220987      
  0.92000000000000004        4.30772156745778232070461624887782160         4.03979686017392463527061686694057322      
  0.95999999999999996        5.55683942526833850525768235290443069         2.19957532570322424931553396252082681      
   1.0000000000000000        6.00000000000000082421717110722309571         1.50956855290730940485508366244155134E-0015
   1.0400000000000000        5.55683942526834029854735138293789552        -2.19957532570322054946010579657985714      
   1.0800000000000001        4.30772156745778081894844925518561646        -4.03979686017392587521704481945140565      
   1.1200000000000001        2.47672204822851541204391642447874049        -5.23212143435632872373449215028771577      
   1.1599999999999999       0.384509394369651604850826041136757986        -5.61388017011265028078942309848151248      
   1.2000000000000000       -1.61803398874989271914062315547988303        -5.17557050458494837917101720350272105      
   1.2400000000000000       -3.22029738012874461296395169052714099        -4.05489253230922180828460528457108261      
   1.2800000000000000       -4.21069398094639580861516411015449494        -2.49981887213043191346672055754573267      
   1.3200000000000001       -4.51091595699716286530177374142944766       -0.810114523618313726310200234668405533      
   1.3600000000000001       -4.17898869435205690011481212117534328        0.728506523957583056881798339395423871      
   1.4000000000000001       -3.38196601125010815650447806946002411         1.90211303259030364930382126399601621      
   1.4399999999999999       -2.34628881033779317045450588573293581         2.60516218935716820979192706424654484      
   1.4800000000000000       -1.29890165524252642737687436223931673         2.84852078349960301348010567453857660      
   1.5200000000000000      -0.413974686912633142065429825425775665         2.73868820317007850085963441229968378      
   1.5600000000000001       0.221869277343032063416330668188748569         2.43513185332323482611406698508638348      
   1.6000000000000001       0.618033988749891665572060130042839835         2.09788696740969375504734039755126000      
   1.6400000000000001       0.861305348328344080493929034932199014         1.83965156372323872092121435861962003      
   1.6799999999999999        1.07629302967251841998625713097461124         1.69504149194820413419694295375816610      
   1.7200000000000000        1.37651500572328681780688069741902838         1.61489190380053438743366752127463235      
   1.7600000000000000        1.81999666255165861593895021491087569         1.48673444462839012007526216320685267      
   1.8000000000000000        2.38196601125010544897644807924591133         1.17557050458494605766243168335562845      
   1.8400000000000001        2.95266748205047199899499519307117190        0.573586127432251059077646540583071962      
   1.8800000000000001        3.36164901655841115716899740893737765       -0.355087552313353384244399499228845029      
   1.9199999999999999        3.42279459912788373722434385218721032        -1.54741212649575887714735541427894540      
   1.9600000000000000        2.98868133758751355892472501697320685        -2.84071871697718327424996546331016749      
   2.0000000000000000        2.00000000000000219013273226432620364        -4.00000000000000589880678784116671214      
   2.0400000000000000       0.516545382587937676315388443261473088        -4.76773341338405001489241790517029687      
   2.0800000000000001       -1.27948741921190159175368902599781809        -4.92472382850382253770012852867784784      
   2.1200000000000001       -3.11048693844116876104673895704863126        -4.34719446602644328248042157618038230      
   2.1600000000000001       -4.65578464831076744371570973167787659        -3.04572208243182312141738904783256732      
   2.2000000000000002       -5.61803398874989994527605606651363097        -1.17557050458494563029130115978643911      
   2.2400000000000002       -5.78845546780957424577989138201533218        0.985401510371183106073203080811539071      
   2.2800000000000002       -5.09562094927629006877790193399179199         3.08739011453924050867957678328531302      
   2.3199999999999998       -3.62598898866728383383420692863836458         4.77709446305135387061061736188169537      
   2.3599999999999999       -1.61083060667125053777013329522988697         5.76880056663799200946921356964266052      
   2.3999999999999999       0.618033988749887055622303549365096343         5.90211303259031093394200770645063579      
   2.4399999999999999        2.69400523234259809062236927377059246         5.17332027703799561090842096149463177      
   2.4800000000000000        4.28830733142715337193662697781367984         3.73344775182951024662424175208339920      
   2.5200000000000000        5.17323429975705473716979332250495156         1.85376123484018473060765710820541367      
   2.5600000000000001        5.26216332002343471056981505926676850       -0.133026234357590230271276685399465456      
   2.6000000000000001        4.61803398874989606920495952619579396        -1.90211303259030819305650465689276066      
   2.6400000000000001        3.42946343600915840655803166572930144        -3.20064247895716408719171919588961948      
   2.6800000000000002        1.96121999800240420368551411342523710        -3.89216749472146769115371159468777042      
   2.7200000000000002       0.491588037393388689660312504602226741        -3.97231708286913908219668801074680198      
   2.7600000000000002      -0.748161425129173563734791118552116899        -3.55355959805201664139055211540444280      
   2.8000000000000003       -1.61803398874991053632723145322176037        -2.82442949541505243764911536820423769      
   2.8399999999999999       -2.08762656062993109164674591340173363        -1.99457196024856568576454029036797249      
   2.8799999999999999       -2.22555997011126801675583246571405984        -1.24001452064324418729781880906073029      
   2.9199999999999999       -2.16441438754179478572099657284871186       -0.662485158165858754503248548300109440      
   2.9600000000000000       -2.05161270509288735390262148539324450       -0.272560629296354209950132118537774786      
   3.0000000000000000       -1.99999999999999964926477291682396075         3.10767760684312254222968696012832054E-0015
   3.0400000000000000       -2.05161270509288646267518673591681528        0.272560629296355861663501810487254127      
   3.0800000000000001       -2.16441438754179390364283406369050684        0.662485158165864079486012699640464349      
   3.1200000000000001       -2.22555997011126800759987183879162102         1.24001452064324449479753524175367358      
   3.1600000000000001       -2.08762656062993288022195914455810876         1.99457196024857602763824208206695580      
   3.2000000000000002       -1.61803398874990008494103316716535598         2.82442949541505826092652384957594576      
   3.2400000000000002      -0.748161425129168253036711436543870732         3.55355959805201669747292602855095399      
   3.2800000000000002       0.491588037393388119240379235179409377         3.97231708286914792450950458035117678      
   3.3200000000000003        1.96121999800242095353286416148853978         3.89216749472144929660128124472237139      
   3.3599999999999999        3.42946343600915044066396622414033098         3.20064247895715328189875918255118131      
   3.3999999999999999        4.61803398874988982109268173772722569         1.90211303259031382107536922332930883      
   3.4399999999999999        5.26216332002343296825142875692395640        0.133026234357594041308054001747171672      
   3.4800000000000000        5.17323429975706481302030459006917865        -1.85376123484016553305115137289431554      
   3.5200000000000000        4.28830733142715237642856160125768590        -3.73344775182951640819735592017022729      
   3.5600000000000001        2.69400523234260426413969909637838774        -5.17332027703799052963660843118258416      
   3.6000000000000001       0.618033988749900092259753286868352026        -5.90211303259031534500744374032559833      
   3.6400000000000001       -1.61083060667124481497264194753636722        -5.76880056663799634953686193968140455      
   3.6800000000000002       -3.62598898866726409237217925174839851        -4.77709446305137246045233804632630071      
   3.7200000000000002       -5.09562094927630379173854552531616434        -3.08739011453924476416238262408002798      
   3.7600000000000002       -5.78845546780957507333430257715584638       -0.985401510371183097521284464340400827      
   3.8000000000000003       -5.61803398874989912124046064491845825         1.17557050458493492659396050126474798      
   3.8399999999999999       -4.65578464831077536960434844445223533         3.04572208243181797421559724495626842      
   3.8799999999999999       -3.11048693844117850139885031427824774         4.34719446602642977606423996101411100      
   3.9199999999999999       -1.27948741921190381139572834389801199         4.92472382850382565794870027045466132      
   3.9600000000000000       0.516545382587931158205853489268008754         4.76773341338405485776325115112810897      
   4.0000000000000000        1.99999999999999472327275858696199433         4.00000000000001180417143884626315690      
   4.0400000000000000        2.98868133758751968959734557307935834         2.84071871697719697623829000113267699      
   4.0800000000000001        3.42279459912788545636262157059994630         1.54741212649576072595486944276524919      
   4.1200000000000001        3.36164901655841939922592236731218146        0.355087552313339060718278256182541265      
   4.1600000000000001        2.95266748205046393977168403322163452       -0.573586127432253689976213064215038242      
   4.2000000000000002        2.38196601125010561833439961703910590        -1.17557050458493974457412927544732401      
   4.2400000000000002        1.81999666255165558159270683576875875        -1.48673444462839882747093048898761142      
   4.2800000000000002        1.37651500572328466228562588079916938        -1.61489190380051293759761999803844947      
   4.3200000000000003        1.07629302967252091251781478577278977        -1.69504149194820982488009036336296638      
   4.3600000000000003       0.861305348328344222617526032706878764        -1.83965156372323982618101578167261845      
   4.4000000000000004       0.618033988749903517228471857048471233        -2.09788696740970349921052926968223123      
   4.4400000000000004       0.221869277343032445093075175415739536        -2.43513185332324267182794893951231981      
   4.4800000000000004      -0.413974686912613206280853089823521425        -2.73868820317009146955888408671988912      
   4.5200000000000005       -1.29890165524253235288295659230107376        -2.84852078349959204668699093268533915      
   4.5600000000000005       -2.34628881033778977105054476577400008        -2.60516218935715858390003528017404429      
   4.6000000000000005       -3.38196601125010568918666812861260755        -1.90211303259030232955723629373860866      
   4.6399999999999997       -4.17898869435204943002048289189213634       -0.728506523957590050581683447720030239      
   4.6799999999999997       -4.51091595699717239773344670743383982        0.810114523618286471554871425325123217      
   4.7199999999999998       -4.21069398094639965046901555270201338         2.49981887213042988041901346565008317      
   4.7599999999999998       -3.22029738012875528422980554846921437         4.05489253230921856081579685170583320      
   4.7999999999999998       -1.61803398874990646985789881244628637         5.17557050458494972193362608110426712      
   4.8399999999999999       0.384509394369629062170048017537788037         5.61388017011265126191266836106129802      
   4.8799999999999999        2.47672204822849059874986164325335189         5.23212143435634353103650036833982430      
   4.9199999999999999        4.30772156745777295635302290448414853         4.03979686017393320443454935958316771      
   4.9600000000000000        5.55683942526834046793441401368519456         2.19957532570323602966142098556043515      
   5.0000000000000000        6.00000000000000059326832462682359231         1.13589089553526293399711006511553701E-0014
   5.0400000000000000        5.55683942526834491193805958563607570        -2.19957532570320068256577135222476729      
   5.0800000000000001        4.30772156745779693094487826813033800        -4.03979686017391172635806852429574386      
   5.1200000000000001        2.47672204822850748348401473237338088        -5.23212143435633590944609558262566778      
   5.1600000000000001       0.384509394369635933082740472808316717        -5.61388017011264717566616220405021452      
   5.2000000000000002       -1.61803398874990267949406364837602535        -5.17557050458492916016950940778881720      
   5.2400000000000002       -3.22029738012872732536270056610615900        -4.05489253230920288806329974644039588      
   5.2800000000000002       -4.21069398094637653591484647686240829        -2.49981887213043656885713708002685611      
   5.3200000000000003       -4.51091595699716442922219902460188135       -0.810114523618300510282957007092550044      
   5.3600000000000003       -4.17898869435206005986797189882514938        0.728506523957588832264722483210298722      
   5.4000000000000004       -3.38196601125010172389877231957882094         1.90211303259031862502841870851153895      
   5.4400000000000004       -2.34628881033777641361262131955306019         2.60516218935716262368609159623037747      
   5.4800000000000004       -1.29890165524252661775953349672710990         2.84852078349958988392172392069927848      
   5.5200000000000005      -0.413974686912616051518739061584963197         2.73868820317010172183857692842484482      
   5.5600000000000005       0.221869277343058379630135560930381289         2.43513185332326027421491005187297157      
   5.6000000000000005       0.618033988749929766550567833491068899         2.09788696740967853692541264594430774      
   5.6399999999999997       0.861305348328328628018867323908414206         1.83965156372321878565396795003362880      
   5.6799999999999997        1.07629302967250675660111008825525096         1.69504149194822077369717474287440562      
   5.7199999999999998        1.37651500572329481788997514764994265         1.61489190380052279690766363453848189      
   5.7599999999999998        1.81999666255165653177970810326947557         1.48673444462839027812572022188078593      
   5.7999999999999998        2.38196601125009933546005588984616226         1.17557050458494635076878708175305210      
   5.8399999999999999        2.95266748205046312089553493757183624        0.573586127432254723814898302024780435      
   5.8799999999999999        3.36164901655841088848717542472860606       -0.355087552313326750578740228094710342      
   5.9199999999999999        3.42279459912788730957420962291515721        -1.54741212649575035244847646513170837      
   5.9600000000000000        2.98868133758751250342955296878188439        -2.84071871697717288898627010237821591      
   6.0000000000000000        2.00000000000002145333172358457828379        -3.99999999999998216293842661876723406      
   6.0400000000000000       0.516545382587961045469001349976617503        -4.76773341338405011061443679760405064      
   6.0800000000000001       -1.27948741921187307633699330155298396        -4.92472382850383521031366206805268545      
   6.1200000000000001       -3.11048693844117593401106069484217139        -4.34719446602644871643527592259516884      
   6.1600000000000001       -4.65578464831076638632156721148988191        -3.04572208243181487571270755368017392      
   6.2000000000000002       -5.61803398874989389813457440497254002        -1.17557050458494948558755700907644406      
   6.2400000000000002       -5.78845546780957407460155913573660862        0.985401510371188570069754130004600502      
   6.2800000000000002       -5.09562094927629180470580085398174195         3.08739011453924755646584640586734780      
   6.3200000000000003       -3.62598898866725048741112015463637732         4.77709446305138814234404782789577776      
   6.3600000000000003       -1.61083060667121443672773015726500079         5.76880056663797908381076292052281321      
   6.4000000000000004       0.618033988749889188175380320994262261         5.90211303259030665913327796804454009      
   6.4400000000000004        2.69400523234264720945058893720698974         5.17332027703798947208890098064464198      
   6.4800000000000004        4.28830733142715795792175696407637600         3.73344775182949282389247517450359728      
   6.5200000000000005        5.17323429975706655345212190871457158         1.85376123484018409373118147446229018      
   6.5600000000000005        5.26216332002344541000505729565758674       -0.133026234357562534959926022589724766      
   6.6000000000000005        4.61803398874991004663994237569368359        -1.90211303259031826251332714891013330      
   6.6400000000000006        3.42946343600914934294895353488928721        -3.20064247895717866129430438478901626      
   6.6799999999999997        1.96121999800244403562220495737652180        -3.89216749472144799000755901034587803      
   6.7199999999999998       0.491588037393399957311474475968638778        -3.97231708286917387149538515248331353      
   6.7599999999999998      -0.748161425129148320805756722632451365        -3.55355959805200427565904091247797699      
   6.7999999999999998       -1.61803398874987901746046368339157886        -2.82442949541506324500957559095264557      
   6.8399999999999999       -2.08762656062995164915524420343349656        -1.99457196024859243329304319248252407      
   6.8799999999999999       -2.22555997011127297638332326640610892        -1.24001452064325666334629914386689303      
   6.9199999999999999       -2.16441438754179846544651669946161140       -0.662485158165848774122066914085474115      
   6.9600000000000000       -2.05161270509287578010886858063825523       -0.272560629296382788441340197402309770      
   7.0000000000000000       -1.99999999999999989180040424514589651        -4.32675539146539690148231257177979830E-0015
   7.0400000000000000       -2.05161270509287886967387324078377409        0.272560629296375851620489895759754283      
   7.0800000000000001       -2.16441438754178873378907911097075878        0.662485158165848111819170990959150083      
   7.1200000000000001       -2.22555997011126137213407265864853405         1.24001452064322902682229722179766950      
   7.1600000000000001       -2.08762656062996904677365424474909263         1.99457196024856577635275133287447683      
   7.2000000000000002       -1.61803398874990245502807403858992361         2.82442949541505956342563020795516071      
   7.2400000000000002      -0.748161425129149552280099198203484060         3.55355959805201012689929838745676588      
   7.2800000000000002       0.491588037393392774551482827317382075         3.97231708286915807969332140127562516      
   7.3200000000000003        1.96121999800243165326765918715331326         3.89216749472145929472135026523070646      
   7.3600000000000003        3.42946343600916286288322427073070086         3.20064247895716952814298345471389728      
   7.4000000000000004        4.61803398874989649663291589822304135         1.90211303259030705377444228516854397      
   7.4400000000000004        5.26216332002344744718303375988203073        0.133026234357558419771163689524274502      
   7.4800000000000004        5.17323429975705559666384895258768912        -1.85376123484020237778639597074221719      
   7.5200000000000005        4.28830733142713343096615197747847631        -3.73344775182949617999825435576068230      
   7.5600000000000005        2.69400523234263971132716838289210304        -5.17332027703796762405558598210447067      
   7.6000000000000005       0.618033988749905628411627157105615454        -5.90211303259032244077165467330725152      
   7.6400000000000006       -1.61083060667127482888719852809402720        -5.76880056663797642282331606538916048      
   7.6799999999999997       -3.62598898866723699002961314603750895        -4.77709446305135110592782661566128053      
   7.7199999999999998       -5.09562094927626856240057371214048134        -3.08739011453926287376369755903111530      
   7.7599999999999998       -5.78845546780955739383488116150642805       -0.985401510371227090821764680590437496      
   7.7999999999999998       -5.61803398874990302678713181984792830         1.17557050458491860926007258403173723      
   7.8399999999999999       -4.65578464831077130912431250824477674         3.04572208243182547566650058839130798      
   7.8799999999999999       -3.11048693844119318938128528527855267         4.34719446602642059652487777384367555      
   7.9199999999999999       -1.27948741921190654031741770151885056         4.92472382850382404269949791974300183      
   7.9600000000000000       0.516545382587894245454476060442913778         4.76773341338403736202226074497333655      
